<?xml version="1.0" encoding="UTF-8"?>
<testsuite xmlns:xsi="http://www.w3.org/2001/XMLSchema-instance" xsi:noNamespaceSchemaLocation="https://maven.apache.org/surefire/maven-surefire-plugin/xsd/surefire-test-report-3.0.xsd" version="3.0" name="TestSuite" time="136.008" tests="8" errors="0" skipped="0" failures="8">
  <properties>
[...]
</properties>
  <testcase name="runScenario[&quot;Check remaining balance&quot;, &quot;Check remaining balance&quot;](1)" classname="AutomationMobileBrainboost.TestRunner" time="0.191">
    <failure message="The step &apos;user click masuk button&apos; and 3 other step(s) are undefined.&#10;You can implement these steps using the snippet(s) below:&#10;&#10;@Given(&quot;user click masuk button&quot;)&#10;public void user_click_masuk_button() {&#10;    // Write code here that turns the phrase above into concrete actions&#10;    throw new io.cucumber.java.PendingException();&#10;}&#10;@Given(&quot;user input username with {string}&quot;)&#10;public void user_input_username_with(String string) {&#10;    // Write code here that turns the phrase above into concrete actions&#10;    throw new io.cucumber.java.PendingException();&#10;}&#10;@Given(&quot;user input password with {string}&quot;)&#10;public void user_input_password_with(String string) {&#10;    // Write code here that turns the phrase above into concrete actions&#10;    throw new io.cucumber.java.PendingException();&#10;}&#10;@Then(&quot;user sees remaining own balance in their account&quot;)&#10;public void user_sees_remaining_own_balance_in_their_account() {&#10;    // Write code here that turns the phrase above into concrete actions&#10;    throw new io.cucumber.java.PendingException();&#10;}&#10;" type="io.cucumber.testng.UndefinedStepException"><![CDATA[io.cucumber.testng.UndefinedStepException: 
The step 'user click masuk button' and 3 other step(s) are undefined.
You can implement these steps using the snippet(s) below:

@Given("user click masuk button")
public void user_click_masuk_button() {
    // Write code here that turns the phrase above into concrete actions
    throw new io.cucumber.java.PendingException();
}
@Given("user input username with {string}")
public void user_input_username_with(String string) {
    // Write code here that turns the phrase above into concrete actions
    throw new io.cucumber.java.PendingException();
}
@Given("user input password with {string}")
public void user_input_password_with(String string) {
    // Write code here that turns the phrase above into concrete actions
    throw new io.cucumber.java.PendingException();
}
@Then("user sees remaining own balance in their account")
public void user_sees_remaining_own_balance_in_their_account() {
    // Write code here that turns the phrase above into concrete actions
    throw new io.cucumber.java.PendingException();
}

	at io.cucumber.core.runtime.TestCaseResultObserver.assertTestCasePassed(TestCaseResultObserver.java:69)
	at io.cucumber.testng.TestCaseResultObserver.assertTestCasePassed(TestCaseResultObserver.java:23)
	at io.cucumber.testng.TestNGCucumberRunner.lambda$runScenario$1(TestNGCucumberRunner.java:133)
	at io.cucumber.core.runtime.CucumberExecutionContext.lambda$runTestCase$5(CucumberExecutionContext.java:137)
	at io.cucumber.core.runtime.RethrowingThrowableCollector.executeAndThrow(RethrowingThrowableCollector.java:23)
	at io.cucumber.core.runtime.CucumberExecutionContext.runTestCase(CucumberExecutionContext.java:137)
	at io.cucumber.testng.TestNGCucumberRunner.runScenario(TestNGCucumberRunner.java:129)
	at io.cucumber.testng.AbstractTestNGCucumberTests.runScenario(AbstractTestNGCucumberTests.java:35)
	at java.base/jdk.internal.reflect.DirectMethodHandleAccessor.invoke(DirectMethodHandleAccessor.java:103)
	at java.base/java.lang.reflect.Method.invoke(Method.java:580)
	at org.testng.internal.invokers.MethodInvocationHelper.invokeMethod(MethodInvocationHelper.java:139)
	at org.testng.internal.invokers.TestInvoker.invokeMethod(TestInvoker.java:664)
	at org.testng.internal.invokers.TestInvoker.invokeTestMethod(TestInvoker.java:227)
	at org.testng.internal.invokers.MethodRunner.runInSequence(MethodRunner.java:50)
	at org.testng.internal.invokers.TestInvoker$MethodInvocationAgent.invoke(TestInvoker.java:957)
	at org.testng.internal.invokers.TestInvoker.invokeTestMethods(TestInvoker.java:200)
	at org.testng.internal.invokers.TestMethodWorker.invokeTestMethods(TestMethodWorker.java:148)
	at org.testng.internal.invokers.TestMethodWorker.run(TestMethodWorker.java:128)
	at java.base/java.util.ArrayList.forEach(ArrayList.java:1597)
	at org.testng.TestRunner.privateRun(TestRunner.java:848)
	at org.testng.TestRunner.run(TestRunner.java:621)
	at org.testng.SuiteRunner.runTest(SuiteRunner.java:443)
	at org.testng.SuiteRunner.runSequentially(SuiteRunner.java:437)
	at org.testng.SuiteRunner.privateRun(SuiteRunner.java:397)
	at org.testng.SuiteRunner.run(SuiteRunner.java:336)
	at org.testng.SuiteRunnerWorker.runSuite(SuiteRunnerWorker.java:52)
	at org.testng.SuiteRunnerWorker.run(SuiteRunnerWorker.java:95)
	at org.testng.TestNG.runSuitesSequentially(TestNG.java:1280)
	at org.testng.TestNG.runSuitesLocally(TestNG.java:1200)
	at org.testng.TestNG.runSuites(TestNG.java:1114)
	at org.testng.TestNG.run(TestNG.java:1082)
	at org.apache.maven.surefire.testng.TestNGExecutor.run(TestNGExecutor.java:155)
	at org.apache.maven.surefire.testng.TestNGDirectoryTestSuite.executeMulti(TestNGDirectoryTestSuite.java:169)
	at org.apache.maven.surefire.testng.TestNGDirectoryTestSuite.execute(TestNGDirectoryTestSuite.java:88)
	at org.apache.maven.surefire.testng.TestNGProvider.invoke(TestNGProvider.java:137)
	at org.apache.maven.surefire.booter.ForkedBooter.runSuitesInProcess(ForkedBooter.java:385)
	at org.apache.maven.surefire.booter.ForkedBooter.execute(ForkedBooter.java:162)
	at org.apache.maven.surefire.booter.ForkedBooter.run(ForkedBooter.java:507)
	at org.apache.maven.surefire.booter.ForkedBooter.main(ForkedBooter.java:495)
]]></failure>
    <system-out><![CDATA[&amp#27;[38;5;112m[Appium]&amp#27;[0m Welcome to Appium v3.0.2 (REV 977563e97ddc66facf3a8e31c6cff01d236f09bd)
&amp#27;[38;5;112m[Appium]&amp#27;[0m The autodetected Appium home path: /Users/herlan/.appium
&amp#27;[38;5;112m[Appium]&amp#27;[0m Attempting to load driver uiautomator2...
&amp#27;[38;5;112m[Appium]&amp#27;[0m Requiring driver at /Users/herlan/.appium/node_modules/appium-uiautomator2-driver/build/index.js
&amp#27;[38;5;112m[Appium]&amp#27;[0m AndroidUiautomator2Driver has been successfully loaded in 0.451s
&amp#27;[38;5;112m[Appium]&amp#27;[0m Appium REST http interface listener started on http://0.0.0.0:4723
&amp#27;[38;5;112m[Appium]&amp#27;[0m You can provide the following URLs in your client code to connect to this server:
	http://127.0.0.1:4723/ (only accessible from the same host)
	http://192.168.18.243:4723/
&amp#27;[38;5;112m[Appium]&amp#27;[0m Available drivers:
&amp#27;[38;5;112m[Appium]&amp#27;[0m   - uiautomator2@5.0.3 (automationName 'UiAutomator2')
&amp#27;[38;5;112m[Appium]&amp#27;[0m No plugins have been installed. Use the "appium plugin" command to install the one(s) you want to use.
&amp#27;[38;5;86m[HTTP]&amp#27;[0m &amp#27;[37m-->&amp#27;[39m &amp#27;[37mGET&amp#27;[39m &amp#27;[37m/status&amp#27;[39m 
&amp#27;[38;5;30m[AppiumDriver@8e8e]&amp#27;[0m Calling AppiumDriver.getStatus() with args: []
&amp#27;[38;5;30m[AppiumDriver@8e8e]&amp#27;[0m Responding to client with driver.getStatus() result: {"ready":true,"message":"The server is ready to accept new connections","build":{"version":"3.0.2","git-sha":"977563e97ddc66facf3a8e31c6cff01d236f09bd","built":"2025-04-23 16:34:31 -0700"}}
&amp#27;[38;5;86m[HTTP]&amp#27;[0m <-- GET /status 200 3 ms - 199 
&amp#27;[38;5;86m[HTTP]&amp#27;[0m Request idempotency key: 1751c1c0-a8ca-4bd8-a0cb-b5cd1dc8362e
&amp#27;[38;5;86m[HTTP]&amp#27;[0m &amp#27;[37m-->&amp#27;[39m &amp#27;[37mPOST&amp#27;[39m &amp#27;[37m/session&amp#27;[39m {"capabilities":{"firstMatch":[{"appium:appActivity":"com.brainboost.android.MainActivity","appium:deviceName":"emulator-5554","platformName":"ANDROID","appium:automationName":"UiAutomator2","appium:app":"/Users/herlan/Downloads/3.0.0(107)-brainboost.apk","appium:platformVersion":"15.0","appium:appPackage":"com.brainboost.android"}]}}
&amp#27;[38;5;30m[AppiumDriver@8e8e]&amp#27;[0m Calling AppiumDriver.createSession() with args: [{"firstMatch":[{"appium:appActivity":"com.brainboost.android.MainActivity","appium:deviceName":"emulator-5554","platformName":"ANDROID","appium:automationName":"UiAutomator2","appium:app":"/Users/herlan/Downloads/3.0.0(107)-brainboost.apk","appium:platformVersion":"15.0","appium:appPackage":"com.brainboost.android"}]},{"firstMatch":[{"appium:appActivity":"com.brainboost.android.MainActivity","appium:deviceName":"emulator-5554","platformName":"ANDROID","appium:automationName":"UiAutomator2","appium:app":"/Users/herlan/Downloads/3.0.0(107)-brainboost.apk","appium:platformVersion":"15.0","appium:appPackage":"com.brainboost.android"}]},{"firstMatch":[{"appium:appActivity":"com.brainboost.android.MainActivity","appium:deviceName":"emulator-5554","platformName":"ANDROID","appium:automationName":"UiAutomator2","appium:app":"/Users/herlan/Downloads/3.0.0(107)-brainboost.apk","appium:platformVersion":"15.0","appium:appPackage":"com.brainboost.android"}]}]
&amp#27;[38;5;30m[AppiumDriver@8e8e]&amp#27;[0m Event 'newSessionRequested' logged at 1759896198690 (11:03:18 GMT+0700 (Western Indonesia Time))
&amp#27;[38;5;112m[Appium]&amp#27;[0m Attempting to find matching driver for automationName 'UiAutomator2' and platformName 'ANDROID'
&amp#27;[38;5;112m[Appium]&amp#27;[0m The 'uiautomator2' driver was installed and matched caps.
&amp#27;[38;5;112m[Appium]&amp#27;[0m Will require it at /Users/herlan/.appium/node_modules/appium-uiautomator2-driver
&amp#27;[38;5;112m[Appium]&amp#27;[0m Requiring driver at /Users/herlan/.appium/node_modules/appium-uiautomator2-driver/build/index.js
&amp#27;[38;5;30m[AppiumDriver@8e8e]&amp#27;[0m Appium v3.0.2 creating new AndroidUiautomator2Driver (v5.0.3) session
&amp#27;[38;5;30m[AppiumDriver@8e8e]&amp#27;[0m Checking BaseDriver versions for Appium and AndroidUiautomator2Driver
&amp#27;[38;5;30m[AppiumDriver@8e8e]&amp#27;[0m Appium's BaseDriver version is 10.0.1
&amp#27;[38;5;30m[AppiumDriver@8e8e]&amp#27;[0m AndroidUiautomator2Driver's BaseDriver version is 10.0.1
&amp#27;[38;5;-92m[AndroidUiautomator2Driver@a790]&amp#27;[0m 
&amp#27;[38;5;-92m[AndroidUiautomator2Driver@a790]&amp#27;[0m Creating session with W3C capabilities: {
  "alwaysMatch": {
    "platformName": "ANDROID",
    "appium:appActivity": "com.brainboost.android.MainActivity",
    "appium:deviceName": "emulator-5554",
    "appium:automationName": "UiAutomator2",
    "appium:app": "/Users/herlan/Downloads/3.0.0(107)-brainboost.apk",
    "appium:platformVersion": "15.0",
    "appium:appPackage": "com.brainboost.android"
  },
  "firstMatch": [
    {}
  ]
}
&amp#27;[38;5;70m[2271e025]&amp#27;[0m&amp#27;[38;5;-92m[AndroidUiautomator2Driver@a790]&amp#27;[0m Session created with session id: 2271e025-bf92-4b31-9d23-e10ab0222b00
&amp#27;[38;5;70m[2271e025]&amp#27;[0m&amp#27;[38;5;229m[ADB]&amp#27;[0m Found 2 'build-tools' folders under '/Users/herlan/Library/Android/sdk' (newest first):
&amp#27;[38;5;70m[2271e025]&amp#27;[0m&amp#27;[38;5;229m[ADB]&amp#27;[0m     /Users/herlan/Library/Android/sdk/build-tools/36.0.0
&amp#27;[38;5;70m[2271e025]&amp#27;[0m&amp#27;[38;5;229m[ADB]&amp#27;[0m     /Users/herlan/Library/Android/sdk/build-tools/30.0.3
&amp#27;[38;5;70m[2271e025]&amp#27;[0m&amp#27;[38;5;229m[ADB]&amp#27;[0m Using 'adb' from '/Users/herlan/Library/Android/sdk/platform-tools/adb'
&amp#27;[38;5;70m[2271e025]&amp#27;[0m&amp#27;[38;5;229m[ADB]&amp#27;[0m Running '/Users/herlan/Library/Android/sdk/platform-tools/adb -P 5037 start-server'
&amp#27;[38;5;70m[2271e025]&amp#27;[0m&amp#27;[38;5;-92m[AndroidUiautomator2Driver@a790]&amp#27;[0m Retrieving device list
&amp#27;[38;5;70m[2271e025]&amp#27;[0m&amp#27;[38;5;229m[ADB]&amp#27;[0m Trying to find connected Android devices
&amp#27;[38;5;70m[2271e025]&amp#27;[0m&amp#27;[38;5;229m[ADB]&amp#27;[0m Getting connected devices
&amp#27;[38;5;70m[2271e025]&amp#27;[0m&amp#27;[38;5;229m[ADB]&amp#27;[0m Connected devices: [{"udid":"emulator-5554","state":"device"}]
&amp#27;[38;5;70m[2271e025]&amp#27;[0m&amp#27;[38;5;-92m[AndroidUiautomator2Driver@a790]&amp#27;[0m Looking for a device with Android '15.0.0'
&amp#27;[38;5;70m[2271e025]&amp#27;[0m&amp#27;[38;5;229m[ADB]&amp#27;[0m Setting device id to emulator-5554
&amp#27;[38;5;70m[2271e025]&amp#27;[0m&amp#27;[38;5;229m[ADB]&amp#27;[0m Getting device platform version
&amp#27;[38;5;70m[2271e025]&amp#27;[0m&amp#27;[38;5;229m[ADB]&amp#27;[0m Running '/Users/herlan/Library/Android/sdk/platform-tools/adb -P 5037 -s emulator-5554 shell getprop ro.build.version.release'
&amp#27;[38;5;70m[2271e025]&amp#27;[0m&amp#27;[38;5;229m[ADB]&amp#27;[0m Current device property 'ro.build.version.release': 15
&amp#27;[38;5;70m[2271e025]&amp#27;[0m&amp#27;[38;5;-92m[AndroidUiautomator2Driver@a790]&amp#27;[0m Using device: emulator-5554
&amp#27;[38;5;70m[2271e025]&amp#27;[0m&amp#27;[38;5;229m[ADB]&amp#27;[0m Using 'adb' from '/Users/herlan/Library/Android/sdk/platform-tools/adb'
&amp#27;[38;5;70m[2271e025]&amp#27;[0m&amp#27;[38;5;229m[ADB]&amp#27;[0m Running '/Users/herlan/Library/Android/sdk/platform-tools/adb -P 5037 start-server'
&amp#27;[38;5;70m[2271e025]&amp#27;[0m&amp#27;[38;5;229m[ADB]&amp#27;[0m Setting device id to emulator-5554
&amp#27;[38;5;70m[2271e025]&amp#27;[0m&amp#27;[38;5;123m[BaseDriver]&amp#27;[0m Using local app '/Users/herlan/Downloads/3.0.0(107)-brainboost.apk'
&amp#27;[38;5;70m[2271e025]&amp#27;[0m&amp#27;[38;5;-92m[AndroidUiautomator2Driver@a790]&amp#27;[0m Checking whether app is actually present
&amp#27;[38;5;70m[2271e025]&amp#27;[0m&amp#27;[38;5;229m[ADB]&amp#27;[0m Running '/Users/herlan/Library/Android/sdk/platform-tools/adb -P 5037 -s emulator-5554 shell getprop ro.build.version.sdk'
&amp#27;[38;5;70m[2271e025]&amp#27;[0m&amp#27;[38;5;229m[ADB]&amp#27;[0m Current device property 'ro.build.version.sdk': 35
&amp#27;[38;5;70m[2271e025]&amp#27;[0m&amp#27;[38;5;229m[ADB]&amp#27;[0m Getting device platform version
&amp#27;[38;5;70m[2271e025]&amp#27;[0m&amp#27;[38;5;229m[ADB]&amp#27;[0m Running '/Users/herlan/Library/Android/sdk/platform-tools/adb -P 5037 -s emulator-5554 shell getprop ro.build.version.release'
&amp#27;[38;5;70m[2271e025]&amp#27;[0m&amp#27;[38;5;229m[ADB]&amp#27;[0m Current device property 'ro.build.version.release': 15
&amp#27;[38;5;70m[2271e025]&amp#27;[0m&amp#27;[38;5;229m[ADB]&amp#27;[0m Device API level: 35
&amp#27;[38;5;70m[2271e025]&amp#27;[0m&amp#27;[38;5;-92m[AndroidUiautomator2Driver@a790]&amp#27;[0m Relaxing hidden api policy
&amp#27;[38;5;70m[2271e025]&amp#27;[0m&amp#27;[38;5;229m[ADB]&amp#27;[0m Running '/Users/herlan/Library/Android/sdk/platform-tools/adb -P 5037 -s emulator-5554 shell 'settings put global hidden_api_policy_pre_p_apps 1;settings put global hidden_api_policy_p_apps 1;settings put global hidden_api_policy 1''
&amp#27;[38;5;70m[2271e025]&amp#27;[0m&amp#27;[38;5;229m[ADB]&amp#27;[0m Running '/Users/herlan/Library/Android/sdk/platform-tools/adb -P 5037 -s emulator-5554 wait-for-device'
&amp#27;[38;5;70m[2271e025]&amp#27;[0m&amp#27;[38;5;229m[ADB]&amp#27;[0m Running '/Users/herlan/Library/Android/sdk/platform-tools/adb -P 5037 -s emulator-5554 shell echo ping'
&amp#27;[38;5;70m[2271e025]&amp#27;[0m&amp#27;[38;5;-92m[AndroidUiautomator2Driver@a790]&amp#27;[0m Pushing settings apk to the device...
&amp#27;[38;5;70m[2271e025]&amp#27;[0m&amp#27;[38;5;229m[ADB]&amp#27;[0m Getting package info for 'io.appium.settings'
&amp#27;[38;5;70m[2271e025]&amp#27;[0m&amp#27;[38;5;229m[ADB]&amp#27;[0m Running '/Users/herlan/Library/Android/sdk/platform-tools/adb -P 5037 -s emulator-5554 shell dumpsys package io.appium.settings'
&amp#27;[38;5;70m[2271e025]&amp#27;[0m&amp#27;[38;5;229m[ADB]&amp#27;[0m Using 'aapt2' from '/Users/herlan/Library/Android/sdk/build-tools/36.0.0/aapt2'
&amp#27;[38;5;70m[2271e025]&amp#27;[0m&amp#27;[38;5;229m[ADB]&amp#27;[0m Reading package manifest: '/Users/herlan/Library/Android/sdk/build-tools/36.0.0/aapt2 dump badging /Users/herlan/.appium/node_modules/appium-uiautomator2-driver/node_modules/io.appium.settings/apks/settings_apk-debug.apk'
&amp#27;[38;5;70m[2271e025]&amp#27;[0m&amp#27;[38;5;229m[ADB]&amp#27;[0m The version name of the installed 'io.appium.settings' is greater or equal to the application version name ('6.0.4' >= '6.0.4')
&amp#27;[38;5;70m[2271e025]&amp#27;[0m&amp#27;[38;5;229m[ADB]&amp#27;[0m There is no need to install/upgrade '/Users/herlan/.appium/node_modules/appium-uiautomator2-driver/node_modules/io.appium.settings/apks/settings_apk-debug.apk'
&amp#27;[38;5;70m[2271e025]&amp#27;[0m&amp#27;[38;5;229m[ADB]&amp#27;[0m Running '/Users/herlan/Library/Android/sdk/platform-tools/adb -P 5037 -s emulator-5554 shell dumpsys activity services io.appium.settings'
&amp#27;[38;5;70m[2271e025]&amp#27;[0m&amp#27;[38;5;-92m[AndroidUiautomator2Driver@a790]&amp#27;[0m io.appium.settings is already running. There is no need to reset its permissions.
&amp#27;[38;5;70m[2271e025]&amp#27;[0m&amp#27;[38;5;160m[Logcat]&amp#27;[0m Starting logs capture with command: /Users/herlan/Library/Android/sdk/platform-tools/adb -P 5037 -s emulator-5554 logcat -v threadtime
&amp#27;[38;5;70m[2271e025]&amp#27;[0m&amp#27;[38;5;-92m[AndroidUiautomator2Driver@a790]&amp#27;[0m Forwarding UiAutomator2 Server port 6790 to local port 8201
&amp#27;[38;5;70m[2271e025]&amp#27;[0m&amp#27;[38;5;229m[ADB]&amp#27;[0m Forwarding system: 8201 to device: 6790
&amp#27;[38;5;70m[2271e025]&amp#27;[0m&amp#27;[38;5;229m[ADB]&amp#27;[0m Running '/Users/herlan/Library/Android/sdk/platform-tools/adb -P 5037 -s emulator-5554 forward tcp:8201 tcp:6790'
&amp#27;[38;5;70m[2271e025]&amp#27;[0m&amp#27;[38;5;-92m[AndroidUiautomator2Driver@a790]&amp#27;[0m UIA2Proxy options: {"server":"127.0.0.1","port":8201,"keepAlive":true,"scheme":"http","base":"","reqBasePath":"","sessionId":null,"timeout":240000}
&amp#27;[38;5;70m[2271e025]&amp#27;[0m&amp#27;[38;5;229m[ADB]&amp#27;[0m Getting package info for 'io.appium.uiautomator2.server'
&amp#27;[38;5;70m[2271e025]&amp#27;[0m&amp#27;[38;5;229m[ADB]&amp#27;[0m Running '/Users/herlan/Library/Android/sdk/platform-tools/adb -P 5037 -s emulator-5554 shell dumpsys package io.appium.uiautomator2.server'
&amp#27;[38;5;70m[2271e025]&amp#27;[0m&amp#27;[38;5;229m[ADB]&amp#27;[0m Getting install status for io.appium.uiautomator2.server.test
&amp#27;[38;5;70m[2271e025]&amp#27;[0m&amp#27;[38;5;229m[ADB]&amp#27;[0m Checking app cert for /Users/herlan/Downloads/3.0.0(107)-brainboost.apk
&amp#27;[38;5;70m[2271e025]&amp#27;[0m&amp#27;[38;5;229m[ADB]&amp#27;[0m Running '/Users/herlan/Library/Android/sdk/platform-tools/adb -P 5037 -s emulator-5554 shell cmd package list packages'
&amp#27;[38;5;70m[2271e025]&amp#27;[0m&amp#27;[38;5;229m[ADB]&amp#27;[0m 'io.appium.uiautomator2.server.test' is installed
&amp#27;[38;5;70m[2271e025]&amp#27;[0m&amp#27;[38;5;229m[ADB]&amp#27;[0m Reading package manifest: '/Users/herlan/Library/Android/sdk/build-tools/36.0.0/aapt2 dump badging /Users/herlan/.appium/node_modules/appium-uiautomator2-driver/node_modules/appium-uiautomator2-server/apks/appium-uiautomator2-server-v8.1.1.apk'
&amp#27;[38;5;70m[2271e025]&amp#27;[0m&amp#27;[38;5;229m[ADB]&amp#27;[0m The version name of the installed 'io.appium.uiautomator2.server' is greater or equal to the application version name ('8.1.1' >= '8.1.1')
&amp#27;[38;5;70m[2271e025]&amp#27;[0m&amp#27;[38;5;-92m[AndroidUiautomator2Driver@a790]&amp#27;[0m Server packages status: [{"installState":"sameVersionInstalled","appPath":"/Users/herlan/.appium/node_modules/appium-uiautomator2-driver/node_modules/appium-uiautomator2-server/apks/appium-uiautomator2-server-v8.1.1.apk","appId":"io.appium.uiautomator2.server"},{"installState":"sameVersionInstalled","appPath":"/Users/herlan/.appium/node_modules/appium-uiautomator2-driver/node_modules/appium-uiautomator2-server/apks/appium-uiautomator2-server-debug-androidTest.apk","appId":"io.appium.uiautomator2.server.test"}]
&amp#27;[38;5;70m[2271e025]&amp#27;[0m&amp#27;[38;5;-92m[AndroidUiautomator2Driver@a790]&amp#27;[0m Server packages are not going to be (re)installed
&amp#27;[38;5;70m[2271e025]&amp#27;[0m&amp#27;[38;5;-92m[AndroidUiautomator2Driver@a790]&amp#27;[0m Waiting up to 30000ms for services to be available
&amp#27;[38;5;70m[2271e025]&amp#27;[0m&amp#27;[38;5;229m[ADB]&amp#27;[0m Running '/Users/herlan/Library/Android/sdk/platform-tools/adb -P 5037 -s emulator-5554 shell pm list instrumentation'
&amp#27;[38;5;70m[2271e025]&amp#27;[0m&amp#27;[38;5;-92m[AndroidUiautomator2Driver@a790]&amp#27;[0m Instrumentation target 'io.appium.uiautomator2.server.test/androidx.test.runner.AndroidJUnitRunner' is available
&amp#27;[38;5;70m[2271e025]&amp#27;[0m&amp#27;[38;5;229m[ADB]&amp#27;[0m Adding packages ["io.appium.settings","io.appium.uiautomator2.server","io.appium.uiautomator2.server.test"] to Doze whitelist
&amp#27;[38;5;70m[2271e025]&amp#27;[0m&amp#27;[38;5;229m[ADB]&amp#27;[0m Got the following command chunks to execute: [["dumpsys","deviceidle","whitelist","+io.appium.settings",";","dumpsys","deviceidle","whitelist","+io.appium.uiautomator2.server",";","dumpsys","deviceidle","whitelist","+io.appium.uiautomator2.server.test",";"]]
&amp#27;[38;5;70m[2271e025]&amp#27;[0m&amp#27;[38;5;229m[ADB]&amp#27;[0m Running '/Users/herlan/Library/Android/sdk/platform-tools/adb -P 5037 -s emulator-5554 shell dumpsys deviceidle whitelist +io.appium.settings ; dumpsys deviceidle whitelist +io.appium.uiautomator2.server ; dumpsys deviceidle whitelist +io.appium.uiautomator2.server.test ;'
&amp#27;[38;5;70m[2271e025]&amp#27;[0m&amp#27;[38;5;229m[ADB]&amp#27;[0m Using 'apksigner.jar' from '/Users/herlan/Library/Android/sdk/build-tools/36.0.0/lib/apksigner.jar'
&amp#27;[38;5;70m[2271e025]&amp#27;[0m&amp#27;[38;5;229m[ADB]&amp#27;[0m Starting apksigner: /Users/herlan/Library/Java/JavaVirtualMachines/valhalla-ea-23-valhalla+1-90/Contents/Home/bin/java -Xmx1024M -Xss1m -jar /Users/herlan/Library/Android/sdk/build-tools/36.0.0/lib/apksigner.jar verify --print-certs /Users/herlan/Downloads/3.0.0\(107\)-brainboost.apk
&amp#27;[38;5;70m[2271e025]&amp#27;[0m&amp#27;[38;5;229m[ADB]&amp#27;[0m apksigner stdout: Signer #1 certificate DN: CN=Arief Septian, OU=IT, O=Tribeversity, L=Bandung, ST=West Java, C=ID
Signer #1 certificate SHA-256 digest: 4276b3f674c79780953bebf957180c975c0072e97c3d11f9fca1cc8603a12468
Signer #1 certificate SHA-1 digest: 04670c039a2ea2a796be4f8eba96eea108176b6f
Signer #1 certificate MD5 digest: 9f93489b71851a4e02a9f7abd218b45d

&amp#27;[38;5;70m[2271e025]&amp#27;[0m&amp#27;[38;5;229m[ADB]&amp#27;[0m '/Users/herlan/Downloads/3.0.0(107)-brainboost.apk' is signed with a non-default certificate
&amp#27;[38;5;70m[2271e025]&amp#27;[0m&amp#27;[38;5;229m[ADB]&amp#27;[0m Getting package info for 'com.brainboost.android'
&amp#27;[38;5;70m[2271e025]&amp#27;[0m&amp#27;[38;5;229m[ADB]&amp#27;[0m Running '/Users/herlan/Library/Android/sdk/platform-tools/adb -P 5037 -s emulator-5554 shell dumpsys package com.brainboost.android'
&amp#27;[38;5;70m[2271e025]&amp#27;[0m&amp#27;[38;5;229m[ADB]&amp#27;[0m Reading package manifest: '/Users/herlan/Library/Android/sdk/build-tools/36.0.0/aapt2 dump badging /Users/herlan/Downloads/3.0.0\(107\)-brainboost.apk'
&amp#27;[38;5;70m[2271e025]&amp#27;[0m&amp#27;[38;5;229m[ADB]&amp#27;[0m The version name of the installed 'com.brainboost.android' is greater or equal to the application version name ('3.0.0' >= '3.0.0')
&amp#27;[38;5;70m[2271e025]&amp#27;[0m&amp#27;[38;5;229m[ADB]&amp#27;[0m There is no need to install/upgrade '/Users/herlan/Downloads/3.0.0(107)-brainboost.apk'
&amp#27;[38;5;70m[2271e025]&amp#27;[0m&amp#27;[38;5;-92m[AndroidUiautomator2Driver@a790]&amp#27;[0m Performing fast reset on 'com.brainboost.android'
&amp#27;[38;5;70m[2271e025]&amp#27;[0m&amp#27;[38;5;229m[ADB]&amp#27;[0m Getting install status for com.brainboost.android
&amp#27;[38;5;70m[2271e025]&amp#27;[0m&amp#27;[38;5;229m[ADB]&amp#27;[0m Running '/Users/herlan/Library/Android/sdk/platform-tools/adb -P 5037 -s emulator-5554 shell cmd package list packages'
&amp#27;[38;5;70m[2271e025]&amp#27;[0m&amp#27;[38;5;229m[ADB]&amp#27;[0m 'com.brainboost.android' is installed
&amp#27;[38;5;70m[2271e025]&amp#27;[0m&amp#27;[38;5;229m[ADB]&amp#27;[0m Running '/Users/herlan/Library/Android/sdk/platform-tools/adb -P 5037 -s emulator-5554 shell am force-stop com.brainboost.android'
&amp#27;[38;5;70m[2271e025]&amp#27;[0m&amp#27;[38;5;229m[ADB]&amp#27;[0m Running '/Users/herlan/Library/Android/sdk/platform-tools/adb -P 5037 -s emulator-5554 shell pm clear com.brainboost.android'
&amp#27;[38;5;70m[2271e025]&amp#27;[0m&amp#27;[38;5;-92m[AndroidUiautomator2Driver@a790]&amp#27;[0m Performed fast reset on the installed 'com.brainboost.android' application (stop and clear)
&amp#27;[38;5;70m[2271e025]&amp#27;[0m&amp#27;[38;5;-92m[AndroidUiautomator2Driver@a790]&amp#27;[0m Performing shallow cleanup of automation leftovers
&amp#27;[38;5;70m[2271e025]&amp#27;[0m&amp#27;[38;5;-92m[AndroidUiautomator2Driver@a790]&amp#27;[0m No obsolete sessions have been detected (socket hang up)
&amp#27;[38;5;70m[2271e025]&amp#27;[0m&amp#27;[38;5;229m[ADB]&amp#27;[0m Running '/Users/herlan/Library/Android/sdk/platform-tools/adb -P 5037 -s emulator-5554 shell am force-stop io.appium.uiautomator2.server'
&amp#27;[38;5;70m[2271e025]&amp#27;[0m&amp#27;[38;5;229m[ADB]&amp#27;[0m Running '/Users/herlan/Library/Android/sdk/platform-tools/adb -P 5037 -s emulator-5554 shell am force-stop io.appium.uiautomator2.server.test'
&amp#27;[38;5;70m[2271e025]&amp#27;[0m&amp#27;[38;5;-92m[AndroidUiautomator2Driver@a790]&amp#27;[0m Starting UIAutomator2 server 8.1.1
&amp#27;[38;5;70m[2271e025]&amp#27;[0m&amp#27;[38;5;-92m[AndroidUiautomator2Driver@a790]&amp#27;[0m Using UIAutomator2 server from '/Users/herlan/.appium/node_modules/appium-uiautomator2-driver/node_modules/appium-uiautomator2-server/apks/appium-uiautomator2-server-v8.1.1.apk' and test from '/Users/herlan/.appium/node_modules/appium-uiautomator2-driver/node_modules/appium-uiautomator2-server/apks/appium-uiautomator2-server-debug-androidTest.apk'
&amp#27;[38;5;70m[2271e025]&amp#27;[0m&amp#27;[38;5;-92m[AndroidUiautomator2Driver@a790]&amp#27;[0m Waiting up to 30000ms for UiAutomator2 to be online...
&amp#27;[38;5;70m[2271e025]&amp#27;[0m&amp#27;[38;5;229m[ADB]&amp#27;[0m Creating ADB subprocess with args: ["-P","5037","-s","emulator-5554","shell","am","instrument","-w","-e","disableAnalytics","true","io.appium.uiautomator2.server.test/androidx.test.runner.AndroidJUnitRunner"]
&amp#27;[38;5;70m[2271e025]&amp#27;[0m&amp#27;[38;5;-92m[AndroidUiautomator2Driver@a790]&amp#27;[0m Matched '/status' to command name 'getStatus'
&amp#27;[38;5;70m[2271e025]&amp#27;[0m&amp#27;[38;5;-92m[AndroidUiautomator2Driver@a790]&amp#27;[0m Proxying [GET /status] to [GET http://127.0.0.1:8201/status] with no body
&amp#27;[38;5;70m[2271e025]&amp#27;[0m&amp#27;[38;5;-92m[AndroidUiautomator2Driver@a790]&amp#27;[0m socket hang up
&amp#27;[38;5;70m[2271e025]&amp#27;[0m&amp#27;[38;5;-92m[AndroidUiautomator2Driver@a790]&amp#27;[0m [Instrumentation] 
&amp#27;[38;5;70m[2271e025]&amp#27;[0m&amp#27;[38;5;-92m[AndroidUiautomator2Driver@a790]&amp#27;[0m Matched '/status' to command name 'getStatus'
&amp#27;[38;5;70m[2271e025]&amp#27;[0m&amp#27;[38;5;-92m[AndroidUiautomator2Driver@a790]&amp#27;[0m Proxying [GET /status] to [GET http://127.0.0.1:8201/status] with no body
&amp#27;[38;5;70m[2271e025]&amp#27;[0m&amp#27;[38;5;-92m[AndroidUiautomator2Driver@a790]&amp#27;[0m socket hang up
&amp#27;[38;5;70m[2271e025]&amp#27;[0m&amp#27;[38;5;-92m[AndroidUiautomator2Driver@a790]&amp#27;[0m Matched '/status' to command name 'getStatus'
&amp#27;[38;5;70m[2271e025]&amp#27;[0m&amp#27;[38;5;-92m[AndroidUiautomator2Driver@a790]&amp#27;[0m Proxying [GET /status] to [GET http://127.0.0.1:8201/status] with no body
&amp#27;[38;5;70m[2271e025]&amp#27;[0m&amp#27;[38;5;-92m[AndroidUiautomator2Driver@a790]&amp#27;[0m Got response with status 200: {"sessionId":"None","value":{"build":{"version":"8.1.1","versionCode":223},"message":"UiAutomator2 Server is ready to accept commands","ready":true}}
&amp#27;[38;5;70m[2271e025]&amp#27;[0m&amp#27;[38;5;-92m[AndroidUiautomator2Driver@a790]&amp#27;[0m The initialization of the instrumentation process took 2149ms
&amp#27;[38;5;70m[2271e025]&amp#27;[0m&amp#27;[38;5;-92m[AndroidUiautomator2Driver@a790]&amp#27;[0m Matched '/session' to command name 'createSession'
&amp#27;[38;5;70m[2271e025]&amp#27;[0m&amp#27;[38;5;-92m[AndroidUiautomator2Driver@a790]&amp#27;[0m Proxying [POST /session] to [POST http://127.0.0.1:8201/session] with body: {"capabilities":{"firstMatch":[{"platformName":"ANDROID","appActivity":"com.brainboost.android.MainActivity","deviceName":"emulator-5554","automationName":"UiAutomator2","app":"/Users/herlan/Downloads/3.0.0(107)-brainboost.apk","platformVersion":"15.0","appPackage":"com.brainboost.android","platform":"LINUX","webStorageEnabled":false,"takesScreenshot":true,"javascriptEnabled":true,"databaseEnabled":false,"networkConnectionEnabled":true,"locationContextEnabled":false,"warnings":{},"desired":{"platformName":"ANDROID","appActivity":"com.brainboost.android.MainActivity","deviceName":"emulator-5554","automationName":"UiAutomator2","app":"/Users/herlan/Downloads/3.0.0(107)-brainboost.apk","platformVersion":"15.0","appPackage":"com.brainboost.android"},"deviceUDID":"emulator-5554"}],"alwaysMatch":{}}}
&amp#27;[38;5;70m[2271e025]&amp#27;[0m&amp#27;[38;5;-92m[AndroidUiautomator2Driver@a790]&amp#27;[0m Got response with status 200: {"sessionId":"fd241deb-4204-4d3e-a5c6-e7ced6b4bcf1","value":{"capabilities":{"firstMatch":[{"platformName":"ANDROID","appActivity":"com.brainboost.android.MainActivity","deviceName":"emulator-5554","automationName":"UiAutomator2","app":"/Users/herlan/Downloads/3.0.0(107)-brainboost.apk","platformVersion":"15.0","appPackage":"com.brainboost.android","platform":"LINUX","webStorageEnabled":false,"takesScreenshot":true,"javascriptEnabled":true,"databaseEnabled":false,"networkConnectionEnabled":true,"locationContextEnabled":false,"warnings":{},"desired":{"platformName":"ANDROID","appActivity":"com.brainboost.android.MainActivity","deviceName":"emulator-5554","automationName":"UiAutomator2","app":"/Users/herlan/Downloads/3.0.0(107)-brainboost.apk","platformVersion":"15.0","appPackage":"com.brainboost.android"},"deviceUDID":"emulator-5554"}],"alwaysMatch":{}},"sessionId":"fd241deb-4204-4d3e-a5c6-e7ced6b4bcf1"}}
&amp#27;[38;5;70m[2271e025]&amp#27;[0m&amp#27;[38;5;-92m[AndroidUiautomator2Driver@a790]&amp#27;[0m Determined the downstream protocol as 'W3C'
&amp#27;[38;5;70m[2271e025]&amp#27;[0m&amp#27;[38;5;-92m[AndroidUiautomator2Driver@a790]&amp#27;[0m Proxying [GET /appium/device/pixel_ratio] to [GET http://127.0.0.1:8201/session/fd241deb-4204-4d3e-a5c6-e7ced6b4bcf1/appium/device/pixel_ratio] with no body
&amp#27;[38;5;70m[2271e025]&amp#27;[0m&amp#27;[38;5;-92m[AndroidUiautomator2Driver@a790]&amp#27;[0m Proxying [GET /appium/device/system_bars] to [GET http://127.0.0.1:8201/session/fd241deb-4204-4d3e-a5c6-e7ced6b4bcf1/appium/device/system_bars] with no body
&amp#27;[38;5;70m[2271e025]&amp#27;[0m&amp#27;[38;5;-92m[AndroidUiautomator2Driver@a790]&amp#27;[0m Proxying [GET /window/current/size] to [GET http://127.0.0.1:8201/session/fd241deb-4204-4d3e-a5c6-e7ced6b4bcf1/window/current/size] with no body
&amp#27;[38;5;70m[2271e025]&amp#27;[0m&amp#27;[38;5;-92m[AndroidUiautomator2Driver@a790]&amp#27;[0m Proxying [GET /appium/device/info] to [GET http://127.0.0.1:8201/session/fd241deb-4204-4d3e-a5c6-e7ced6b4bcf1/appium/device/info] with no body
&amp#27;[38;5;70m[2271e025]&amp#27;[0m&amp#27;[38;5;229m[ADB]&amp#27;[0m Running '/Users/herlan/Library/Android/sdk/platform-tools/adb -P 5037 -s emulator-5554 shell dumpsys window'
&amp#27;[38;5;70m[2271e025]&amp#27;[0m&amp#27;[38;5;229m[ADB]&amp#27;[0m Running '/Users/herlan/Library/Android/sdk/platform-tools/adb -P 5037 -s emulator-5554 shell dumpsys power'
&amp#27;[38;5;70m[2271e025]&amp#27;[0m&amp#27;[38;5;-92m[AndroidUiautomator2Driver@a790]&amp#27;[0m Got response with status 200: {"sessionId":"fd241deb-4204-4d3e-a5c6-e7ced6b4bcf1","value":2.75}
&amp#27;[38;5;70m[2271e025]&amp#27;[0m&amp#27;[38;5;-92m[AndroidUiautomator2Driver@a790]&amp#27;[0m Got response with status 200: {"sessionId":"fd241deb-4204-4d3e-a5c6-e7ced6b4bcf1","value":{"statusBar":83}}
&amp#27;[38;5;70m[2271e025]&amp#27;[0m&amp#27;[38;5;-92m[AndroidUiautomator2Driver@a790]&amp#27;[0m Got response with status 200: {"sessionId":"fd241deb-4204-4d3e-a5c6-e7ced6b4bcf1","value":{"height":2280,"width":1080}}
&amp#27;[38;5;70m[2271e025]&amp#27;[0m&amp#27;[38;5;-92m[AndroidUiautomator2Driver@a790]&amp#27;[0m Got response with status 200: {"sessionId":"fd241deb-4204-4d3e-a5c6-e7ced6b4bcf1","value":{"androidId":"e2dce665fc546590","apiVersion":"35","bluetooth":{"state":"OFF"},"brand":"google","carrierName":"","displayDensity":440,"locale":"en_US","manufacturer":"Google","model":"Pixel Tablet","networks":[{"capabilities":{"SSID":null,"linkDownBandwidthKbps":30000,"linkUpstreamBandwidthKbps":12000,"networkCapabilities":"NET_CAPABILITY_NOT_METERED,NET_CAPABILITY_INTERNET,NET_CAPABILITY_NOT_RESTRICTED,NET_CAPABILITY_TRUSTED,NET_CAPABILITY_NOT_VPN,NET_CAPABILITY_NOT_ROAMING,NET_CAPABILITY_FOREGROUND,NET_CAPABILITY_NOT_CONGESTED,NET_CAPABILITY_NOT_SUSPENDED","signalStrength":-50,"transportTypes":"TRANSPORT_WIFI"},"detailedState":"CONNECTED","extraInfo":"","isAvailable":true,"isConnected":true,"isFailover":false,"isRoaming":false,"state":"CONNECTED","subtype":-1,"subtypeName":"","type":1,"typeName":"WIFI"}],"platformVersion":"15","realDisplaySize":"1080x2280","timeZone":"Asia/Jakarta"}}
&amp#27;[38;5;70m[2271e025]&amp#27;[0m&amp#27;[38;5;-92m[AndroidUiautomator2Driver@a790]&amp#27;[0m Screen already unlocked, doing nothing
&amp#27;[38;5;70m[2271e025]&amp#27;[0m&amp#27;[38;5;-92m[AndroidUiautomator2Driver@a790]&amp#27;[0m Starting 'com.brainboost.android/com.brainboost.android.MainActivity' and waiting for 'com.brainboost.android/com.brainboost.android.MainActivity'
&amp#27;[38;5;70m[2271e025]&amp#27;[0m&amp#27;[38;5;229m[ADB]&amp#27;[0m Running '/Users/herlan/Library/Android/sdk/platform-tools/adb -P 5037 -s emulator-5554 shell am start-activity -W -n com.brainboost.android/com.brainboost.android.MainActivity -S -a android.intent.action.MAIN -c android.intent.category.LAUNCHER -f 0x10200000'
&amp#27;[38;5;70m[2271e025]&amp#27;[0m&amp#27;[38;5;30m[AppiumDriver@8e8e]&amp#27;[0m New AndroidUiautomator2Driver session created successfully, session 2271e025-bf92-4b31-9d23-e10ab0222b00 added to master session list
&amp#27;[38;5;70m[2271e025]&amp#27;[0m&amp#27;[38;5;30m[AppiumDriver@8e8e]&amp#27;[0m Event 'newSessionStarted' logged at 1759896213462 (11:03:33 GMT+0700 (Western Indonesia Time))
&amp#27;[38;5;70m[2271e025]&amp#27;[0m&amp#27;[38;5;-92m[AndroidUiautomator2Driver@a790]&amp#27;[0m Cached the protocol value 'W3C' for the new session 2271e025-bf92-4b31-9d23-e10ab0222b00
&amp#27;[38;5;70m[2271e025]&amp#27;[0m&amp#27;[38;5;-92m[AndroidUiautomator2Driver@a790]&amp#27;[0m Responding to client with driver.createSession() result: {"capabilities":{"platformName":"ANDROID","appActivity":"com.brainboost.android.MainActivity","deviceName":"emulator-5554","automationName":"UiAutomator2","app":"/Users/herlan/Downloads/3.0.0(107)-brainboost.apk","platformVersion":"15","appPackage":"com.brainboost.android","platform":"LINUX","webStorageEnabled":false,"takesScreenshot":true,"javascriptEnabled":true,"databaseEnabled":false,"networkConnectionEnabled":true,"locationContextEnabled":false,"warnings":{},"desired":{"platformName":"ANDROID","appActivity":"com.brainboost.android.MainActivity","deviceName":"emulator-5554","automationName":"UiAutomator2","app":"/Users/herlan/Downloads/3.0.0(107)-brainboost.apk","platformVersion":"15.0","appPackage":"com.brainboost.android"},"deviceUDID":"emulator-5554","pixelRatio":"2.75","statBarHeight":83,"viewportRect":{"left":0,"top":83,"width":1080,"height":2197},"deviceApiLevel":35,"deviceManufacturer":"Google","deviceModel":"Pixel Tablet","deviceScreenSize":"1080x2280","deviceScreenDensity":440}}
&amp#27;[38;5;70m[2271e025]&amp#27;[0m&amp#27;[38;5;86m[HTTP]&amp#27;[0m <-- POST /session 200 14774 ms - 1067 

Scenario: Check remaining balance                       &amp#27;[90m# src/test/resources/features/checkbalance.feature:9&amp#27;[0m
  &amp#27;[33mAnd &amp#27;[0m&amp#27;[33muser click masuk button&amp#27;[0m
  &amp#27;[36mAnd &amp#27;[0m&amp#27;[36muser input username with "Fulan123"&amp#27;[0m
  &amp#27;[36mAnd &amp#27;[0m&amp#27;[36muser input password with "FulanPassword123!"&amp#27;[0m
  &amp#27;[36mWhen &amp#27;[0m&amp#27;[36muser click login button&amp#27;[0m                          &amp#27;[90m# AutomationMobileBrainboost.StepDefinitions.LoginSteps.userClickLoginButton()&amp#27;[0m
  &amp#27;[36mThen &amp#27;[0m&amp#27;[36muser is on homepage&amp#27;[0m                              &amp#27;[90m# AutomationMobileBrainboost.StepDefinitions.HomeSteps.userIsOnHomepage()&amp#27;[0m
  &amp#27;[36mWhen &amp#27;[0m&amp#27;[36muser is on homepage&amp#27;[0m                              &amp#27;[90m# AutomationMobileBrainboost.StepDefinitions.HomeSteps.userIsOnHomepage()&amp#27;[0m
  &amp#27;[36mThen &amp#27;[0m&amp#27;[36muser sees remaining own balance in their account&amp#27;[0m
&amp#27;[38;5;70m[2271e025]&amp#27;[0m&amp#27;[38;5;86m[HTTP]&amp#27;[0m &amp#27;[37m-->&amp#27;[39m &amp#27;[37mPOST&amp#27;[39m &amp#27;[37m/session/2271e025-bf92-4b31-9d23-e10ab0222b00/execute/sync&amp#27;[39m {"script":"mobile: activateApp","args":[{"appId":"com.brainboost.android","bundleId":"com.brainboost.android"}]}
&amp#27;[38;5;70m[2271e025]&amp#27;[0m&amp#27;[38;5;-92m[AndroidUiautomator2Driver@a790]&amp#27;[0m Calling AppiumDriver.execute() with args: ["mobile: activateApp",[{"appId":"com.brainboost.android","bundleId":"com.brainboost.android"}],"2271e025-bf92-4b31-9d23-e10ab0222b00"]
&amp#27;[38;5;70m[2271e025]&amp#27;[0m&amp#27;[38;5;123m[BaseDriver]&amp#27;[0m The following arguments are not known and will be ignored: bundleId
&amp#27;[38;5;70m[2271e025]&amp#27;[0m&amp#27;[38;5;229m[ADB]&amp#27;[0m Activating 'com.brainboost.android'
&amp#27;[38;5;70m[2271e025]&amp#27;[0m&amp#27;[38;5;229m[ADB]&amp#27;[0m Running '/Users/herlan/Library/Android/sdk/platform-tools/adb -P 5037 -s emulator-5554 shell cmd package resolve-activity --brief com.brainboost.android'
&amp#27;[38;5;70m[2271e025]&amp#27;[0m&amp#27;[38;5;229m[ADB]&amp#27;[0m Running '/Users/herlan/Library/Android/sdk/platform-tools/adb -P 5037 -s emulator-5554 shell am start-activity -a android.intent.action.MAIN -c android.intent.category.LAUNCHER -f 0x10200000 -n com.brainboost.android/.MainActivity'
&amp#27;[38;5;70m[2271e025]&amp#27;[0m&amp#27;[38;5;229m[ADB]&amp#27;[0m Starting: Intent { act=android.intent.action.MAIN cat=[android.intent.category.LAUNCHER] flg=0x10200000 cmp=com.brainboost.android/.MainActivity }
&amp#27;[38;5;70m[2271e025]&amp#27;[0m&amp#27;[38;5;-92m[AndroidUiautomator2Driver@a790]&amp#27;[0m Responding to client with driver.execute() result: null
&amp#27;[38;5;70m[2271e025]&amp#27;[0m&amp#27;[38;5;86m[HTTP]&amp#27;[0m <-- POST /session/2271e025-bf92-4b31-9d23-e10ab0222b00/execute/sync 200 88 ms - 14 
]]></system-out>
    <system-err><![CDATA[SLF4J(W): No SLF4J providers were found.
SLF4J(W): Defaulting to no-operation (NOP) logger implementation
SLF4J(W): See https://www.slf4j.org/codes.html#noProviders for further details.
]]></system-err>
  </testcase>
  <testcase name="runScenario[&quot;login with invalid credentials&quot;, &quot;Login&quot;](2)" classname="AutomationMobileBrainboost.TestRunner" time="15.184">
    <failure message="Expected condition failed: waiting for visibility of element located by By.xpath: //android.view.View[@content-desc=&quot;Skip&quot;] (tried for 15 second(s) with 500 milliseconds interval)&#10;Build info: version: &apos;4.36.0&apos;, revision: &apos;6d115cfd87&apos;&#10;System info: os.name: &apos;Mac OS X&apos;, os.arch: &apos;aarch64&apos;, os.version: &apos;12.7.4&apos;, java.version: &apos;23-valhalla&apos;&#10;Driver info: io.appium.java_client.android.AndroidDriver&#10;Capabilities {appium:app: /Users/herlan/Downloads/3.0..., appium:appActivity: com.brainboost.android.Main..., appium:appPackage: com.brainboost.android, appium:automationName: UiAutomator2, appium:databaseEnabled: false, appium:desired: {app: /Users/herlan/Downloads/3.0..., appActivity: com.brainboost.android.Main..., appPackage: com.brainboost.android, automationName: UiAutomator2, deviceName: emulator-5554, platformName: ANDROID, platformVersion: 15.0}, appium:deviceApiLevel: 35, appium:deviceManufacturer: Google, appium:deviceModel: Pixel Tablet, appium:deviceName: emulator-5554, appium:deviceScreenDensity: 440, appium:deviceScreenSize: 1080x2280, appium:deviceUDID: emulator-5554, appium:javascriptEnabled: true, appium:locationContextEnabled: false, appium:networkConnectionEnabled: true, appium:pixelRatio: 2.75, appium:platformVersion: 15, appium:statBarHeight: 83, appium:takesScreenshot: true, appium:viewportRect: {height: 2197, left: 0, top: 83, width: 1080}, appium:warnings: {}, appium:webStorageEnabled: false, platformName: ANDROID}&#10;Session ID: 2271e025-bf92-4b31-9d23-e10ab0222b00" type="org.openqa.selenium.TimeoutException"><![CDATA[org.openqa.selenium.TimeoutException: 
Expected condition failed: waiting for visibility of element located by By.xpath: //android.view.View[@content-desc="Skip"] (tried for 15 second(s) with 500 milliseconds interval)
Build info: version: '4.36.0', revision: '6d115cfd87'
System info: os.name: 'Mac OS X', os.arch: 'aarch64', os.version: '12.7.4', java.version: '23-valhalla'
Driver info: io.appium.java_client.android.AndroidDriver
Capabilities {appium:app: /Users/herlan/Downloads/3.0..., appium:appActivity: com.brainboost.android.Main..., appium:appPackage: com.brainboost.android, appium:automationName: UiAutomator2, appium:databaseEnabled: false, appium:desired: {app: /Users/herlan/Downloads/3.0..., appActivity: com.brainboost.android.Main..., appPackage: com.brainboost.android, automationName: UiAutomator2, deviceName: emulator-5554, platformName: ANDROID, platformVersion: 15.0}, appium:deviceApiLevel: 35, appium:deviceManufacturer: Google, appium:deviceModel: Pixel Tablet, appium:deviceName: emulator-5554, appium:deviceScreenDensity: 440, appium:deviceScreenSize: 1080x2280, appium:deviceUDID: emulator-5554, appium:javascriptEnabled: true, appium:locationContextEnabled: false, appium:networkConnectionEnabled: true, appium:pixelRatio: 2.75, appium:platformVersion: 15, appium:statBarHeight: 83, appium:takesScreenshot: true, appium:viewportRect: {height: 2197, left: 0, top: 83, width: 1080}, appium:warnings: {}, appium:webStorageEnabled: false, platformName: ANDROID}
Session ID: 2271e025-bf92-4b31-9d23-e10ab0222b00
	at org.openqa.selenium.support.ui.WebDriverWait.timeoutException(WebDriverWait.java:84)
	at org.openqa.selenium.support.ui.FluentWait.until(FluentWait.java:228)
	at AutomationMobileBrainboost.page.LoginPage.clickSkipButton(LoginPage.java:61)
	at AutomationMobileBrainboost.StepDefinitions.LoginSteps.userIsLaunchTheAppBrainboost(LoginSteps.java:31)
	at ✽.user is launch the app, then if skip button is displayed, click skip button(file:///Users/herlan/Documents/AUTOMATION%20/qa_automation_mobile/src/test/resources/features/loginFailed.feature:4)
]]></failure>
    <system-out><![CDATA[
@login
Scenario Outline: login with invalid credentials                                    &amp#27;[90m# src/test/resources/features/loginFailed.feature:13&amp#27;[0m
&amp#27;[38;5;70m[2271e025]&amp#27;[0m&amp#27;[38;5;86m[HTTP]&amp#27;[0m &amp#27;[37m-->&amp#27;[39m &amp#27;[37mPOST&amp#27;[39m &amp#27;[37m/session/2271e025-bf92-4b31-9d23-e10ab0222b00/element&amp#27;[39m {"using":"xpath","value":"//android.view.View[@content-desc=\"Skip\"]"}
&amp#27;[38;5;70m[2271e025]&amp#27;[0m&amp#27;[38;5;-92m[AndroidUiautomator2Driver@a790]&amp#27;[0m Calling AppiumDriver.findElement() with args: ["xpath","//android.view.View[@content-desc=\"Skip\"]","2271e025-bf92-4b31-9d23-e10ab0222b00"]
&amp#27;[38;5;70m[2271e025]&amp#27;[0m&amp#27;[38;5;-92m[AndroidUiautomator2Driver@a790]&amp#27;[0m Valid locator strategies for this request: xpath, id, class name, accessibility id, css selector, -android uiautomator
&amp#27;[38;5;70m[2271e025]&amp#27;[0m&amp#27;[38;5;-92m[AndroidUiautomator2Driver@a790]&amp#27;[0m Waiting up to 0 ms for condition
&amp#27;[38;5;70m[2271e025]&amp#27;[0m&amp#27;[38;5;-92m[AndroidUiautomator2Driver@a790]&amp#27;[0m Matched '/element' to command name 'findElement'
&amp#27;[38;5;70m[2271e025]&amp#27;[0m&amp#27;[38;5;-92m[AndroidUiautomator2Driver@a790]&amp#27;[0m Proxying [POST /element] to [POST http://127.0.0.1:8201/session/fd241deb-4204-4d3e-a5c6-e7ced6b4bcf1/element] with body: {"strategy":"xpath","selector":"//android.view.View[@content-desc=\"Skip\"]","context":"","multiple":false}
&amp#27;[38;5;70m[2271e025]&amp#27;[0m&amp#27;[38;5;-92m[AndroidUiautomator2Driver@a790]&amp#27;[0m Got response with status 404: {"sessionId":"fd241deb-4204-4d3e-a5c6-e7ced6b4bcf1","value":{"error":"no such element","message":"An element could not be located on the page using the given search parameters","stacktrace":"io.appium.uiautomator2.common.exceptions.ElementNotFoundException: An element could not be located on the page using the given search parameters\n\tat io.appium.uiautomator2.utils.ElementLocationHelpers.findElement(ElementLocationHelpers.java:156)\n\tat io.appium.uiautomator2.handler.FindElement.safeHandle(FindElement.java:60)\n\tat io.appium.uiautomator2.handler.request.SafeRequestHandler.handle(SafeRequestHandler.java:59)\n\tat io.appium.uiautomator2.server.AppiumServlet.handleRequest(AppiumServlet.java:259)\n\tat io.appium.uiautomator2.server.AppiumServlet.handleHttpRequest(AppiumServlet.java:253)\n\tat io.appium.uiautomator2.http.ServerHandler.channelRead(ServerHandler.java:77)\n\tat io.netty.channel.AbstractChannelHandlerContext.invokeChannelRead(AbstractChannelHandlerContext.java:374)\n\tat io.netty.channel.Abstr...
&amp#27;[38;5;70m[2271e025]&amp#27;[0m&amp#27;[38;5;123m[W3C]&amp#27;[0m Matched W3C error code 'no such element' to NoSuchElementError
&amp#27;[38;5;70m[2271e025]&amp#27;[0m&amp#27;[38;5;-92m[AndroidUiautomator2Driver@a790]&amp#27;[0m Encountered internal error running command: NoSuchElementError: An element could not be located on the page using the given search parameters.
    at AndroidUiautomator2Driver.findElOrEls (/Users/herlan/.appium/node_modules/appium-uiautomator2-driver/node_modules/appium-android-driver/lib/commands/find.ts:86:11)
    at processTicksAndRejections (node:internal/process/task_queues:105:5)
    at AndroidUiautomator2Driver.findElOrElsWithProcessing (/Users/herlan/.nvm/versions/node/v22.18.0/lib/node_modules/appium/node_modules/@appium/base-driver/lib/basedriver/commands/find.ts:60:12)
    at AndroidUiautomator2Driver.findElement (/Users/herlan/.nvm/versions/node/v22.18.0/lib/node_modules/appium/node_modules/@appium/base-driver/lib/basedriver/commands/find.ts:75:12)
&amp#27;[38;5;70m[2271e025]&amp#27;[0m&amp#27;[38;5;86m[HTTP]&amp#27;[0m <-- POST /session/2271e025-bf92-4b31-9d23-e10ab0222b00/element 404 271 ms - 874 
&amp#27;[38;5;70m[2271e025]&amp#27;[0m&amp#27;[38;5;86m[HTTP]&amp#27;[0m &amp#27;[37m-->&amp#27;[39m &amp#27;[37mPOST&amp#27;[39m &amp#27;[37m/session/2271e025-bf92-4b31-9d23-e10ab0222b00/element&amp#27;[39m {"using":"xpath","value":"//android.view.View[@content-desc=\"Skip\"]"}
&amp#27;[38;5;70m[2271e025]&amp#27;[0m&amp#27;[38;5;-92m[AndroidUiautomator2Driver@a790]&amp#27;[0m Calling AppiumDriver.findElement() with args: ["xpath","//android.view.View[@content-desc=\"Skip\"]","2271e025-bf92-4b31-9d23-e10ab0222b00"]
&amp#27;[38;5;70m[2271e025]&amp#27;[0m&amp#27;[38;5;-92m[AndroidUiautomator2Driver@a790]&amp#27;[0m Valid locator strategies for this request: xpath, id, class name, accessibility id, css selector, -android uiautomator
&amp#27;[38;5;70m[2271e025]&amp#27;[0m&amp#27;[38;5;-92m[AndroidUiautomator2Driver@a790]&amp#27;[0m Waiting up to 0 ms for condition
&amp#27;[38;5;70m[2271e025]&amp#27;[0m&amp#27;[38;5;-92m[AndroidUiautomator2Driver@a790]&amp#27;[0m Matched '/element' to command name 'findElement'
&amp#27;[38;5;70m[2271e025]&amp#27;[0m&amp#27;[38;5;-92m[AndroidUiautomator2Driver@a790]&amp#27;[0m Proxying [POST /element] to [POST http://127.0.0.1:8201/session/fd241deb-4204-4d3e-a5c6-e7ced6b4bcf1/element] with body: {"strategy":"xpath","selector":"//android.view.View[@content-desc=\"Skip\"]","context":"","multiple":false}
&amp#27;[38;5;70m[2271e025]&amp#27;[0m&amp#27;[38;5;-92m[AndroidUiautomator2Driver@a790]&amp#27;[0m Got response with status 404: {"sessionId":"fd241deb-4204-4d3e-a5c6-e7ced6b4bcf1","value":{"error":"no such element","message":"An element could not be located on the page using the given search parameters","stacktrace":"io.appium.uiautomator2.common.exceptions.ElementNotFoundException: An element could not be located on the page using the given search parameters\n\tat io.appium.uiautomator2.utils.ElementLocationHelpers.findElement(ElementLocationHelpers.java:156)\n\tat io.appium.uiautomator2.handler.FindElement.safeHandle(FindElement.java:60)\n\tat io.appium.uiautomator2.handler.request.SafeRequestHandler.handle(SafeRequestHandler.java:59)\n\tat io.appium.uiautomator2.server.AppiumServlet.handleRequest(AppiumServlet.java:259)\n\tat io.appium.uiautomator2.server.AppiumServlet.handleHttpRequest(AppiumServlet.java:253)\n\tat io.appium.uiautomator2.http.ServerHandler.channelRead(ServerHandler.java:77)\n\tat io.netty.channel.AbstractChannelHandlerContext.invokeChannelRead(AbstractChannelHandlerContext.java:374)\n\tat io.netty.channel.Abstr...
&amp#27;[38;5;70m[2271e025]&amp#27;[0m&amp#27;[38;5;123m[W3C]&amp#27;[0m Matched W3C error code 'no such element' to NoSuchElementError
&amp#27;[38;5;70m[2271e025]&amp#27;[0m&amp#27;[38;5;-92m[AndroidUiautomator2Driver@a790]&amp#27;[0m Encountered internal error running command: NoSuchElementError: An element could not be located on the page using the given search parameters.
    at AndroidUiautomator2Driver.findElOrEls (/Users/herlan/.appium/node_modules/appium-uiautomator2-driver/node_modules/appium-android-driver/lib/commands/find.ts:86:11)
    at processTicksAndRejections (node:internal/process/task_queues:105:5)
    at AndroidUiautomator2Driver.findElOrElsWithProcessing (/Users/herlan/.nvm/versions/node/v22.18.0/lib/node_modules/appium/node_modules/@appium/base-driver/lib/basedriver/commands/find.ts:60:12)
    at AndroidUiautomator2Driver.findElement (/Users/herlan/.nvm/versions/node/v22.18.0/lib/node_modules/appium/node_modules/@appium/base-driver/lib/basedriver/commands/find.ts:75:12)
&amp#27;[38;5;70m[2271e025]&amp#27;[0m&amp#27;[38;5;86m[HTTP]&amp#27;[0m <-- POST /session/2271e025-bf92-4b31-9d23-e10ab0222b00/element 404 77 ms - 874 
&amp#27;[38;5;70m[2271e025]&amp#27;[0m&amp#27;[38;5;86m[HTTP]&amp#27;[0m &amp#27;[37m-->&amp#27;[39m &amp#27;[37mPOST&amp#27;[39m &amp#27;[37m/session/2271e025-bf92-4b31-9d23-e10ab0222b00/element&amp#27;[39m {"using":"xpath","value":"//android.view.View[@content-desc=\"Skip\"]"}
&amp#27;[38;5;70m[2271e025]&amp#27;[0m&amp#27;[38;5;-92m[AndroidUiautomator2Driver@a790]&amp#27;[0m Calling AppiumDriver.findElement() with args: ["xpath","//android.view.View[@content-desc=\"Skip\"]","2271e025-bf92-4b31-9d23-e10ab0222b00"]
&amp#27;[38;5;70m[2271e025]&amp#27;[0m&amp#27;[38;5;-92m[AndroidUiautomator2Driver@a790]&amp#27;[0m Valid locator strategies for this request: xpath, id, class name, accessibility id, css selector, -android uiautomator
&amp#27;[38;5;70m[2271e025]&amp#27;[0m&amp#27;[38;5;-92m[AndroidUiautomator2Driver@a790]&amp#27;[0m Waiting up to 0 ms for condition
&amp#27;[38;5;70m[2271e025]&amp#27;[0m&amp#27;[38;5;-92m[AndroidUiautomator2Driver@a790]&amp#27;[0m Matched '/element' to command name 'findElement'
&amp#27;[38;5;70m[2271e025]&amp#27;[0m&amp#27;[38;5;-92m[AndroidUiautomator2Driver@a790]&amp#27;[0m Proxying [POST /element] to [POST http://127.0.0.1:8201/session/fd241deb-4204-4d3e-a5c6-e7ced6b4bcf1/element] with body: {"strategy":"xpath","selector":"//android.view.View[@content-desc=\"Skip\"]","context":"","multiple":false}
&amp#27;[38;5;70m[2271e025]&amp#27;[0m&amp#27;[38;5;-92m[AndroidUiautomator2Driver@a790]&amp#27;[0m Got response with status 404: {"sessionId":"fd241deb-4204-4d3e-a5c6-e7ced6b4bcf1","value":{"error":"no such element","message":"An element could not be located on the page using the given search parameters","stacktrace":"io.appium.uiautomator2.common.exceptions.ElementNotFoundException: An element could not be located on the page using the given search parameters\n\tat io.appium.uiautomator2.utils.ElementLocationHelpers.findElement(ElementLocationHelpers.java:156)\n\tat io.appium.uiautomator2.handler.FindElement.safeHandle(FindElement.java:60)\n\tat io.appium.uiautomator2.handler.request.SafeRequestHandler.handle(SafeRequestHandler.java:59)\n\tat io.appium.uiautomator2.server.AppiumServlet.handleRequest(AppiumServlet.java:259)\n\tat io.appium.uiautomator2.server.AppiumServlet.handleHttpRequest(AppiumServlet.java:253)\n\tat io.appium.uiautomator2.http.ServerHandler.channelRead(ServerHandler.java:77)\n\tat io.netty.channel.AbstractChannelHandlerContext.invokeChannelRead(AbstractChannelHandlerContext.java:374)\n\tat io.netty.channel.Abstr...
&amp#27;[38;5;70m[2271e025]&amp#27;[0m&amp#27;[38;5;123m[W3C]&amp#27;[0m Matched W3C error code 'no such element' to NoSuchElementError
&amp#27;[38;5;70m[2271e025]&amp#27;[0m&amp#27;[38;5;-92m[AndroidUiautomator2Driver@a790]&amp#27;[0m Encountered internal error running command: NoSuchElementError: An element could not be located on the page using the given search parameters.
    at AndroidUiautomator2Driver.findElOrEls (/Users/herlan/.appium/node_modules/appium-uiautomator2-driver/node_modules/appium-android-driver/lib/commands/find.ts:86:11)
    at processTicksAndRejections (node:internal/process/task_queues:105:5)
    at AndroidUiautomator2Driver.findElOrElsWithProcessing (/Users/herlan/.nvm/versions/node/v22.18.0/lib/node_modules/appium/node_modules/@appium/base-driver/lib/basedriver/commands/find.ts:60:12)
    at AndroidUiautomator2Driver.findElement (/Users/herlan/.nvm/versions/node/v22.18.0/lib/node_modules/appium/node_modules/@appium/base-driver/lib/basedriver/commands/find.ts:75:12)
&amp#27;[38;5;70m[2271e025]&amp#27;[0m&amp#27;[38;5;86m[HTTP]&amp#27;[0m <-- POST /session/2271e025-bf92-4b31-9d23-e10ab0222b00/element 404 57 ms - 874 
&amp#27;[38;5;70m[2271e025]&amp#27;[0m&amp#27;[38;5;86m[HTTP]&amp#27;[0m &amp#27;[37m-->&amp#27;[39m &amp#27;[37mPOST&amp#27;[39m &amp#27;[37m/session/2271e025-bf92-4b31-9d23-e10ab0222b00/element&amp#27;[39m {"using":"xpath","value":"//android.view.View[@content-desc=\"Skip\"]"}
&amp#27;[38;5;70m[2271e025]&amp#27;[0m&amp#27;[38;5;-92m[AndroidUiautomator2Driver@a790]&amp#27;[0m Calling AppiumDriver.findElement() with args: ["xpath","//android.view.View[@content-desc=\"Skip\"]","2271e025-bf92-4b31-9d23-e10ab0222b00"]
&amp#27;[38;5;70m[2271e025]&amp#27;[0m&amp#27;[38;5;-92m[AndroidUiautomator2Driver@a790]&amp#27;[0m Valid locator strategies for this request: xpath, id, class name, accessibility id, css selector, -android uiautomator
&amp#27;[38;5;70m[2271e025]&amp#27;[0m&amp#27;[38;5;-92m[AndroidUiautomator2Driver@a790]&amp#27;[0m Waiting up to 0 ms for condition
&amp#27;[38;5;70m[2271e025]&amp#27;[0m&amp#27;[38;5;-92m[AndroidUiautomator2Driver@a790]&amp#27;[0m Matched '/element' to command name 'findElement'
&amp#27;[38;5;70m[2271e025]&amp#27;[0m&amp#27;[38;5;-92m[AndroidUiautomator2Driver@a790]&amp#27;[0m Proxying [POST /element] to [POST http://127.0.0.1:8201/session/fd241deb-4204-4d3e-a5c6-e7ced6b4bcf1/element] with body: {"strategy":"xpath","selector":"//android.view.View[@content-desc=\"Skip\"]","context":"","multiple":false}
&amp#27;[38;5;70m[2271e025]&amp#27;[0m&amp#27;[38;5;-92m[AndroidUiautomator2Driver@a790]&amp#27;[0m Got response with status 404: {"sessionId":"fd241deb-4204-4d3e-a5c6-e7ced6b4bcf1","value":{"error":"no such element","message":"An element could not be located on the page using the given search parameters","stacktrace":"io.appium.uiautomator2.common.exceptions.ElementNotFoundException: An element could not be located on the page using the given search parameters\n\tat io.appium.uiautomator2.utils.ElementLocationHelpers.findElement(ElementLocationHelpers.java:156)\n\tat io.appium.uiautomator2.handler.FindElement.safeHandle(FindElement.java:60)\n\tat io.appium.uiautomator2.handler.request.SafeRequestHandler.handle(SafeRequestHandler.java:59)\n\tat io.appium.uiautomator2.server.AppiumServlet.handleRequest(AppiumServlet.java:259)\n\tat io.appium.uiautomator2.server.AppiumServlet.handleHttpRequest(AppiumServlet.java:253)\n\tat io.appium.uiautomator2.http.ServerHandler.channelRead(ServerHandler.java:77)\n\tat io.netty.channel.AbstractChannelHandlerContext.invokeChannelRead(AbstractChannelHandlerContext.java:374)\n\tat io.netty.channel.Abstr...
&amp#27;[38;5;70m[2271e025]&amp#27;[0m&amp#27;[38;5;123m[W3C]&amp#27;[0m Matched W3C error code 'no such element' to NoSuchElementError
&amp#27;[38;5;70m[2271e025]&amp#27;[0m&amp#27;[38;5;-92m[AndroidUiautomator2Driver@a790]&amp#27;[0m Encountered internal error running command: NoSuchElementError: An element could not be located on the page using the given search parameters.
    at AndroidUiautomator2Driver.findElOrEls (/Users/herlan/.appium/node_modules/appium-uiautomator2-driver/node_modules/appium-android-driver/lib/commands/find.ts:86:11)
    at processTicksAndRejections (node:internal/process/task_queues:105:5)
    at AndroidUiautomator2Driver.findElOrElsWithProcessing (/Users/herlan/.nvm/versions/node/v22.18.0/lib/node_modules/appium/node_modules/@appium/base-driver/lib/basedriver/commands/find.ts:60:12)
    at AndroidUiautomator2Driver.findElement (/Users/herlan/.nvm/versions/node/v22.18.0/lib/node_modules/appium/node_modules/@appium/base-driver/lib/basedriver/commands/find.ts:75:12)
&amp#27;[38;5;70m[2271e025]&amp#27;[0m&amp#27;[38;5;86m[HTTP]&amp#27;[0m <-- POST /session/2271e025-bf92-4b31-9d23-e10ab0222b00/element 404 65 ms - 874 
&amp#27;[38;5;70m[2271e025]&amp#27;[0m&amp#27;[38;5;86m[HTTP]&amp#27;[0m &amp#27;[37m-->&amp#27;[39m &amp#27;[37mPOST&amp#27;[39m &amp#27;[37m/session/2271e025-bf92-4b31-9d23-e10ab0222b00/element&amp#27;[39m {"using":"xpath","value":"//android.view.View[@content-desc=\"Skip\"]"}
&amp#27;[38;5;70m[2271e025]&amp#27;[0m&amp#27;[38;5;-92m[AndroidUiautomator2Driver@a790]&amp#27;[0m Calling AppiumDriver.findElement() with args: ["xpath","//android.view.View[@content-desc=\"Skip\"]","2271e025-bf92-4b31-9d23-e10ab0222b00"]
&amp#27;[38;5;70m[2271e025]&amp#27;[0m&amp#27;[38;5;-92m[AndroidUiautomator2Driver@a790]&amp#27;[0m Valid locator strategies for this request: xpath, id, class name, accessibility id, css selector, -android uiautomator
&amp#27;[38;5;70m[2271e025]&amp#27;[0m&amp#27;[38;5;-92m[AndroidUiautomator2Driver@a790]&amp#27;[0m Waiting up to 0 ms for condition
&amp#27;[38;5;70m[2271e025]&amp#27;[0m&amp#27;[38;5;-92m[AndroidUiautomator2Driver@a790]&amp#27;[0m Matched '/element' to command name 'findElement'
&amp#27;[38;5;70m[2271e025]&amp#27;[0m&amp#27;[38;5;-92m[AndroidUiautomator2Driver@a790]&amp#27;[0m Proxying [POST /element] to [POST http://127.0.0.1:8201/session/fd241deb-4204-4d3e-a5c6-e7ced6b4bcf1/element] with body: {"strategy":"xpath","selector":"//android.view.View[@content-desc=\"Skip\"]","context":"","multiple":false}
&amp#27;[38;5;70m[2271e025]&amp#27;[0m&amp#27;[38;5;-92m[AndroidUiautomator2Driver@a790]&amp#27;[0m Got response with status 404: {"sessionId":"fd241deb-4204-4d3e-a5c6-e7ced6b4bcf1","value":{"error":"no such element","message":"An element could not be located on the page using the given search parameters","stacktrace":"io.appium.uiautomator2.common.exceptions.ElementNotFoundException: An element could not be located on the page using the given search parameters\n\tat io.appium.uiautomator2.utils.ElementLocationHelpers.findElement(ElementLocationHelpers.java:156)\n\tat io.appium.uiautomator2.handler.FindElement.safeHandle(FindElement.java:60)\n\tat io.appium.uiautomator2.handler.request.SafeRequestHandler.handle(SafeRequestHandler.java:59)\n\tat io.appium.uiautomator2.server.AppiumServlet.handleRequest(AppiumServlet.java:259)\n\tat io.appium.uiautomator2.server.AppiumServlet.handleHttpRequest(AppiumServlet.java:253)\n\tat io.appium.uiautomator2.http.ServerHandler.channelRead(ServerHandler.java:77)\n\tat io.netty.channel.AbstractChannelHandlerContext.invokeChannelRead(AbstractChannelHandlerContext.java:374)\n\tat io.netty.channel.Abstr...
&amp#27;[38;5;70m[2271e025]&amp#27;[0m&amp#27;[38;5;123m[W3C]&amp#27;[0m Matched W3C error code 'no such element' to NoSuchElementError
&amp#27;[38;5;70m[2271e025]&amp#27;[0m&amp#27;[38;5;-92m[AndroidUiautomator2Driver@a790]&amp#27;[0m Encountered internal error running command: NoSuchElementError: An element could not be located on the page using the given search parameters.
    at AndroidUiautomator2Driver.findElOrEls (/Users/herlan/.appium/node_modules/appium-uiautomator2-driver/node_modules/appium-android-driver/lib/commands/find.ts:86:11)
    at processTicksAndRejections (node:internal/process/task_queues:105:5)
    at AndroidUiautomator2Driver.findElOrElsWithProcessing (/Users/herlan/.nvm/versions/node/v22.18.0/lib/node_modules/appium/node_modules/@appium/base-driver/lib/basedriver/commands/find.ts:60:12)
    at AndroidUiautomator2Driver.findElement (/Users/herlan/.nvm/versions/node/v22.18.0/lib/node_modules/appium/node_modules/@appium/base-driver/lib/basedriver/commands/find.ts:75:12)
&amp#27;[38;5;70m[2271e025]&amp#27;[0m&amp#27;[38;5;86m[HTTP]&amp#27;[0m <-- POST /session/2271e025-bf92-4b31-9d23-e10ab0222b00/element 404 62 ms - 874 
&amp#27;[38;5;70m[2271e025]&amp#27;[0m&amp#27;[38;5;86m[HTTP]&amp#27;[0m &amp#27;[37m-->&amp#27;[39m &amp#27;[37mPOST&amp#27;[39m &amp#27;[37m/session/2271e025-bf92-4b31-9d23-e10ab0222b00/element&amp#27;[39m {"using":"xpath","value":"//android.view.View[@content-desc=\"Skip\"]"}
&amp#27;[38;5;70m[2271e025]&amp#27;[0m&amp#27;[38;5;-92m[AndroidUiautomator2Driver@a790]&amp#27;[0m Calling AppiumDriver.findElement() with args: ["xpath","//android.view.View[@content-desc=\"Skip\"]","2271e025-bf92-4b31-9d23-e10ab0222b00"]
&amp#27;[38;5;70m[2271e025]&amp#27;[0m&amp#27;[38;5;-92m[AndroidUiautomator2Driver@a790]&amp#27;[0m Valid locator strategies for this request: xpath, id, class name, accessibility id, css selector, -android uiautomator
&amp#27;[38;5;70m[2271e025]&amp#27;[0m&amp#27;[38;5;-92m[AndroidUiautomator2Driver@a790]&amp#27;[0m Waiting up to 0 ms for condition
&amp#27;[38;5;70m[2271e025]&amp#27;[0m&amp#27;[38;5;-92m[AndroidUiautomator2Driver@a790]&amp#27;[0m Matched '/element' to command name 'findElement'
&amp#27;[38;5;70m[2271e025]&amp#27;[0m&amp#27;[38;5;-92m[AndroidUiautomator2Driver@a790]&amp#27;[0m Proxying [POST /element] to [POST http://127.0.0.1:8201/session/fd241deb-4204-4d3e-a5c6-e7ced6b4bcf1/element] with body: {"strategy":"xpath","selector":"//android.view.View[@content-desc=\"Skip\"]","context":"","multiple":false}
&amp#27;[38;5;70m[2271e025]&amp#27;[0m&amp#27;[38;5;-92m[AndroidUiautomator2Driver@a790]&amp#27;[0m Got response with status 404: {"sessionId":"fd241deb-4204-4d3e-a5c6-e7ced6b4bcf1","value":{"error":"no such element","message":"An element could not be located on the page using the given search parameters","stacktrace":"io.appium.uiautomator2.common.exceptions.ElementNotFoundException: An element could not be located on the page using the given search parameters\n\tat io.appium.uiautomator2.utils.ElementLocationHelpers.findElement(ElementLocationHelpers.java:156)\n\tat io.appium.uiautomator2.handler.FindElement.safeHandle(FindElement.java:60)\n\tat io.appium.uiautomator2.handler.request.SafeRequestHandler.handle(SafeRequestHandler.java:59)\n\tat io.appium.uiautomator2.server.AppiumServlet.handleRequest(AppiumServlet.java:259)\n\tat io.appium.uiautomator2.server.AppiumServlet.handleHttpRequest(AppiumServlet.java:253)\n\tat io.appium.uiautomator2.http.ServerHandler.channelRead(ServerHandler.java:77)\n\tat io.netty.channel.AbstractChannelHandlerContext.invokeChannelRead(AbstractChannelHandlerContext.java:374)\n\tat io.netty.channel.Abstr...
&amp#27;[38;5;70m[2271e025]&amp#27;[0m&amp#27;[38;5;123m[W3C]&amp#27;[0m Matched W3C error code 'no such element' to NoSuchElementError
&amp#27;[38;5;70m[2271e025]&amp#27;[0m&amp#27;[38;5;-92m[AndroidUiautomator2Driver@a790]&amp#27;[0m Encountered internal error running command: NoSuchElementError: An element could not be located on the page using the given search parameters.
    at AndroidUiautomator2Driver.findElOrEls (/Users/herlan/.appium/node_modules/appium-uiautomator2-driver/node_modules/appium-android-driver/lib/commands/find.ts:86:11)
    at processTicksAndRejections (node:internal/process/task_queues:105:5)
    at AndroidUiautomator2Driver.findElOrElsWithProcessing (/Users/herlan/.nvm/versions/node/v22.18.0/lib/node_modules/appium/node_modules/@appium/base-driver/lib/basedriver/commands/find.ts:60:12)
    at AndroidUiautomator2Driver.findElement (/Users/herlan/.nvm/versions/node/v22.18.0/lib/node_modules/appium/node_modules/@appium/base-driver/lib/basedriver/commands/find.ts:75:12)
&amp#27;[38;5;70m[2271e025]&amp#27;[0m&amp#27;[38;5;86m[HTTP]&amp#27;[0m <-- POST /session/2271e025-bf92-4b31-9d23-e10ab0222b00/element 404 56 ms - 874 
&amp#27;[38;5;70m[2271e025]&amp#27;[0m&amp#27;[38;5;86m[HTTP]&amp#27;[0m &amp#27;[37m-->&amp#27;[39m &amp#27;[37mPOST&amp#27;[39m &amp#27;[37m/session/2271e025-bf92-4b31-9d23-e10ab0222b00/element&amp#27;[39m {"using":"xpath","value":"//android.view.View[@content-desc=\"Skip\"]"}
&amp#27;[38;5;70m[2271e025]&amp#27;[0m&amp#27;[38;5;-92m[AndroidUiautomator2Driver@a790]&amp#27;[0m Calling AppiumDriver.findElement() with args: ["xpath","//android.view.View[@content-desc=\"Skip\"]","2271e025-bf92-4b31-9d23-e10ab0222b00"]
&amp#27;[38;5;70m[2271e025]&amp#27;[0m&amp#27;[38;5;-92m[AndroidUiautomator2Driver@a790]&amp#27;[0m Valid locator strategies for this request: xpath, id, class name, accessibility id, css selector, -android uiautomator
&amp#27;[38;5;70m[2271e025]&amp#27;[0m&amp#27;[38;5;-92m[AndroidUiautomator2Driver@a790]&amp#27;[0m Waiting up to 0 ms for condition
&amp#27;[38;5;70m[2271e025]&amp#27;[0m&amp#27;[38;5;-92m[AndroidUiautomator2Driver@a790]&amp#27;[0m Matched '/element' to command name 'findElement'
&amp#27;[38;5;70m[2271e025]&amp#27;[0m&amp#27;[38;5;-92m[AndroidUiautomator2Driver@a790]&amp#27;[0m Proxying [POST /element] to [POST http://127.0.0.1:8201/session/fd241deb-4204-4d3e-a5c6-e7ced6b4bcf1/element] with body: {"strategy":"xpath","selector":"//android.view.View[@content-desc=\"Skip\"]","context":"","multiple":false}
&amp#27;[38;5;70m[2271e025]&amp#27;[0m&amp#27;[38;5;-92m[AndroidUiautomator2Driver@a790]&amp#27;[0m Got response with status 404: {"sessionId":"fd241deb-4204-4d3e-a5c6-e7ced6b4bcf1","value":{"error":"no such element","message":"An element could not be located on the page using the given search parameters","stacktrace":"io.appium.uiautomator2.common.exceptions.ElementNotFoundException: An element could not be located on the page using the given search parameters\n\tat io.appium.uiautomator2.utils.ElementLocationHelpers.findElement(ElementLocationHelpers.java:156)\n\tat io.appium.uiautomator2.handler.FindElement.safeHandle(FindElement.java:60)\n\tat io.appium.uiautomator2.handler.request.SafeRequestHandler.handle(SafeRequestHandler.java:59)\n\tat io.appium.uiautomator2.server.AppiumServlet.handleRequest(AppiumServlet.java:259)\n\tat io.appium.uiautomator2.server.AppiumServlet.handleHttpRequest(AppiumServlet.java:253)\n\tat io.appium.uiautomator2.http.ServerHandler.channelRead(ServerHandler.java:77)\n\tat io.netty.channel.AbstractChannelHandlerContext.invokeChannelRead(AbstractChannelHandlerContext.java:374)\n\tat io.netty.channel.Abstr...
&amp#27;[38;5;70m[2271e025]&amp#27;[0m&amp#27;[38;5;123m[W3C]&amp#27;[0m Matched W3C error code 'no such element' to NoSuchElementError
&amp#27;[38;5;70m[2271e025]&amp#27;[0m&amp#27;[38;5;-92m[AndroidUiautomator2Driver@a790]&amp#27;[0m Encountered internal error running command: NoSuchElementError: An element could not be located on the page using the given search parameters.
    at AndroidUiautomator2Driver.findElOrEls (/Users/herlan/.appium/node_modules/appium-uiautomator2-driver/node_modules/appium-android-driver/lib/commands/find.ts:86:11)
    at processTicksAndRejections (node:internal/process/task_queues:105:5)
    at AndroidUiautomator2Driver.findElOrElsWithProcessing (/Users/herlan/.nvm/versions/node/v22.18.0/lib/node_modules/appium/node_modules/@appium/base-driver/lib/basedriver/commands/find.ts:60:12)
    at AndroidUiautomator2Driver.findElement (/Users/herlan/.nvm/versions/node/v22.18.0/lib/node_modules/appium/node_modules/@appium/base-driver/lib/basedriver/commands/find.ts:75:12)
&amp#27;[38;5;70m[2271e025]&amp#27;[0m&amp#27;[38;5;86m[HTTP]&amp#27;[0m <-- POST /session/2271e025-bf92-4b31-9d23-e10ab0222b00/element 404 45 ms - 874 
&amp#27;[38;5;70m[2271e025]&amp#27;[0m&amp#27;[38;5;86m[HTTP]&amp#27;[0m &amp#27;[37m-->&amp#27;[39m &amp#27;[37mPOST&amp#27;[39m &amp#27;[37m/session/2271e025-bf92-4b31-9d23-e10ab0222b00/element&amp#27;[39m {"using":"xpath","value":"//android.view.View[@content-desc=\"Skip\"]"}
&amp#27;[38;5;70m[2271e025]&amp#27;[0m&amp#27;[38;5;-92m[AndroidUiautomator2Driver@a790]&amp#27;[0m Calling AppiumDriver.findElement() with args: ["xpath","//android.view.View[@content-desc=\"Skip\"]","2271e025-bf92-4b31-9d23-e10ab0222b00"]
&amp#27;[38;5;70m[2271e025]&amp#27;[0m&amp#27;[38;5;-92m[AndroidUiautomator2Driver@a790]&amp#27;[0m Valid locator strategies for this request: xpath, id, class name, accessibility id, css selector, -android uiautomator
&amp#27;[38;5;70m[2271e025]&amp#27;[0m&amp#27;[38;5;-92m[AndroidUiautomator2Driver@a790]&amp#27;[0m Waiting up to 0 ms for condition
&amp#27;[38;5;70m[2271e025]&amp#27;[0m&amp#27;[38;5;-92m[AndroidUiautomator2Driver@a790]&amp#27;[0m Matched '/element' to command name 'findElement'
&amp#27;[38;5;70m[2271e025]&amp#27;[0m&amp#27;[38;5;-92m[AndroidUiautomator2Driver@a790]&amp#27;[0m Proxying [POST /element] to [POST http://127.0.0.1:8201/session/fd241deb-4204-4d3e-a5c6-e7ced6b4bcf1/element] with body: {"strategy":"xpath","selector":"//android.view.View[@content-desc=\"Skip\"]","context":"","multiple":false}
&amp#27;[38;5;70m[2271e025]&amp#27;[0m&amp#27;[38;5;-92m[AndroidUiautomator2Driver@a790]&amp#27;[0m Got response with status 404: {"sessionId":"fd241deb-4204-4d3e-a5c6-e7ced6b4bcf1","value":{"error":"no such element","message":"An element could not be located on the page using the given search parameters","stacktrace":"io.appium.uiautomator2.common.exceptions.ElementNotFoundException: An element could not be located on the page using the given search parameters\n\tat io.appium.uiautomator2.utils.ElementLocationHelpers.findElement(ElementLocationHelpers.java:156)\n\tat io.appium.uiautomator2.handler.FindElement.safeHandle(FindElement.java:60)\n\tat io.appium.uiautomator2.handler.request.SafeRequestHandler.handle(SafeRequestHandler.java:59)\n\tat io.appium.uiautomator2.server.AppiumServlet.handleRequest(AppiumServlet.java:259)\n\tat io.appium.uiautomator2.server.AppiumServlet.handleHttpRequest(AppiumServlet.java:253)\n\tat io.appium.uiautomator2.http.ServerHandler.channelRead(ServerHandler.java:77)\n\tat io.netty.channel.AbstractChannelHandlerContext.invokeChannelRead(AbstractChannelHandlerContext.java:374)\n\tat io.netty.channel.Abstr...
&amp#27;[38;5;70m[2271e025]&amp#27;[0m&amp#27;[38;5;123m[W3C]&amp#27;[0m Matched W3C error code 'no such element' to NoSuchElementError
&amp#27;[38;5;70m[2271e025]&amp#27;[0m&amp#27;[38;5;-92m[AndroidUiautomator2Driver@a790]&amp#27;[0m Encountered internal error running command: NoSuchElementError: An element could not be located on the page using the given search parameters.
    at AndroidUiautomator2Driver.findElOrEls (/Users/herlan/.appium/node_modules/appium-uiautomator2-driver/node_modules/appium-android-driver/lib/commands/find.ts:86:11)
    at processTicksAndRejections (node:internal/process/task_queues:105:5)
    at AndroidUiautomator2Driver.findElOrElsWithProcessing (/Users/herlan/.nvm/versions/node/v22.18.0/lib/node_modules/appium/node_modules/@appium/base-driver/lib/basedriver/commands/find.ts:60:12)
    at AndroidUiautomator2Driver.findElement (/Users/herlan/.nvm/versions/node/v22.18.0/lib/node_modules/appium/node_modules/@appium/base-driver/lib/basedriver/commands/find.ts:75:12)
&amp#27;[38;5;70m[2271e025]&amp#27;[0m&amp#27;[38;5;86m[HTTP]&amp#27;[0m <-- POST /session/2271e025-bf92-4b31-9d23-e10ab0222b00/element 404 55 ms - 874 
&amp#27;[38;5;70m[2271e025]&amp#27;[0m&amp#27;[38;5;86m[HTTP]&amp#27;[0m &amp#27;[37m-->&amp#27;[39m &amp#27;[37mPOST&amp#27;[39m &amp#27;[37m/session/2271e025-bf92-4b31-9d23-e10ab0222b00/element&amp#27;[39m {"using":"xpath","value":"//android.view.View[@content-desc=\"Skip\"]"}
&amp#27;[38;5;70m[2271e025]&amp#27;[0m&amp#27;[38;5;-92m[AndroidUiautomator2Driver@a790]&amp#27;[0m Calling AppiumDriver.findElement() with args: ["xpath","//android.view.View[@content-desc=\"Skip\"]","2271e025-bf92-4b31-9d23-e10ab0222b00"]
&amp#27;[38;5;70m[2271e025]&amp#27;[0m&amp#27;[38;5;-92m[AndroidUiautomator2Driver@a790]&amp#27;[0m Valid locator strategies for this request: xpath, id, class name, accessibility id, css selector, -android uiautomator
&amp#27;[38;5;70m[2271e025]&amp#27;[0m&amp#27;[38;5;-92m[AndroidUiautomator2Driver@a790]&amp#27;[0m Waiting up to 0 ms for condition
&amp#27;[38;5;70m[2271e025]&amp#27;[0m&amp#27;[38;5;-92m[AndroidUiautomator2Driver@a790]&amp#27;[0m Matched '/element' to command name 'findElement'
&amp#27;[38;5;70m[2271e025]&amp#27;[0m&amp#27;[38;5;-92m[AndroidUiautomator2Driver@a790]&amp#27;[0m Proxying [POST /element] to [POST http://127.0.0.1:8201/session/fd241deb-4204-4d3e-a5c6-e7ced6b4bcf1/element] with body: {"strategy":"xpath","selector":"//android.view.View[@content-desc=\"Skip\"]","context":"","multiple":false}
&amp#27;[38;5;70m[2271e025]&amp#27;[0m&amp#27;[38;5;-92m[AndroidUiautomator2Driver@a790]&amp#27;[0m Got response with status 404: {"sessionId":"fd241deb-4204-4d3e-a5c6-e7ced6b4bcf1","value":{"error":"no such element","message":"An element could not be located on the page using the given search parameters","stacktrace":"io.appium.uiautomator2.common.exceptions.ElementNotFoundException: An element could not be located on the page using the given search parameters\n\tat io.appium.uiautomator2.utils.ElementLocationHelpers.findElement(ElementLocationHelpers.java:156)\n\tat io.appium.uiautomator2.handler.FindElement.safeHandle(FindElement.java:60)\n\tat io.appium.uiautomator2.handler.request.SafeRequestHandler.handle(SafeRequestHandler.java:59)\n\tat io.appium.uiautomator2.server.AppiumServlet.handleRequest(AppiumServlet.java:259)\n\tat io.appium.uiautomator2.server.AppiumServlet.handleHttpRequest(AppiumServlet.java:253)\n\tat io.appium.uiautomator2.http.ServerHandler.channelRead(ServerHandler.java:77)\n\tat io.netty.channel.AbstractChannelHandlerContext.invokeChannelRead(AbstractChannelHandlerContext.java:374)\n\tat io.netty.channel.Abstr...
&amp#27;[38;5;70m[2271e025]&amp#27;[0m&amp#27;[38;5;123m[W3C]&amp#27;[0m Matched W3C error code 'no such element' to NoSuchElementError
&amp#27;[38;5;70m[2271e025]&amp#27;[0m&amp#27;[38;5;-92m[AndroidUiautomator2Driver@a790]&amp#27;[0m Encountered internal error running command: NoSuchElementError: An element could not be located on the page using the given search parameters.
    at AndroidUiautomator2Driver.findElOrEls (/Users/herlan/.appium/node_modules/appium-uiautomator2-driver/node_modules/appium-android-driver/lib/commands/find.ts:86:11)
    at processTicksAndRejections (node:internal/process/task_queues:105:5)
    at AndroidUiautomator2Driver.findElOrElsWithProcessing (/Users/herlan/.nvm/versions/node/v22.18.0/lib/node_modules/appium/node_modules/@appium/base-driver/lib/basedriver/commands/find.ts:60:12)
    at AndroidUiautomator2Driver.findElement (/Users/herlan/.nvm/versions/node/v22.18.0/lib/node_modules/appium/node_modules/@appium/base-driver/lib/basedriver/commands/find.ts:75:12)
&amp#27;[38;5;70m[2271e025]&amp#27;[0m&amp#27;[38;5;86m[HTTP]&amp#27;[0m <-- POST /session/2271e025-bf92-4b31-9d23-e10ab0222b00/element 404 41 ms - 874 
&amp#27;[38;5;70m[2271e025]&amp#27;[0m&amp#27;[38;5;86m[HTTP]&amp#27;[0m &amp#27;[37m-->&amp#27;[39m &amp#27;[37mPOST&amp#27;[39m &amp#27;[37m/session/2271e025-bf92-4b31-9d23-e10ab0222b00/element&amp#27;[39m {"using":"xpath","value":"//android.view.View[@content-desc=\"Skip\"]"}
&amp#27;[38;5;70m[2271e025]&amp#27;[0m&amp#27;[38;5;-92m[AndroidUiautomator2Driver@a790]&amp#27;[0m Calling AppiumDriver.findElement() with args: ["xpath","//android.view.View[@content-desc=\"Skip\"]","2271e025-bf92-4b31-9d23-e10ab0222b00"]
&amp#27;[38;5;70m[2271e025]&amp#27;[0m&amp#27;[38;5;-92m[AndroidUiautomator2Driver@a790]&amp#27;[0m Valid locator strategies for this request: xpath, id, class name, accessibility id, css selector, -android uiautomator
&amp#27;[38;5;70m[2271e025]&amp#27;[0m&amp#27;[38;5;-92m[AndroidUiautomator2Driver@a790]&amp#27;[0m Waiting up to 0 ms for condition
&amp#27;[38;5;70m[2271e025]&amp#27;[0m&amp#27;[38;5;-92m[AndroidUiautomator2Driver@a790]&amp#27;[0m Matched '/element' to command name 'findElement'
&amp#27;[38;5;70m[2271e025]&amp#27;[0m&amp#27;[38;5;-92m[AndroidUiautomator2Driver@a790]&amp#27;[0m Proxying [POST /element] to [POST http://127.0.0.1:8201/session/fd241deb-4204-4d3e-a5c6-e7ced6b4bcf1/element] with body: {"strategy":"xpath","selector":"//android.view.View[@content-desc=\"Skip\"]","context":"","multiple":false}
&amp#27;[38;5;70m[2271e025]&amp#27;[0m&amp#27;[38;5;-92m[AndroidUiautomator2Driver@a790]&amp#27;[0m Got response with status 404: {"sessionId":"fd241deb-4204-4d3e-a5c6-e7ced6b4bcf1","value":{"error":"no such element","message":"An element could not be located on the page using the given search parameters","stacktrace":"io.appium.uiautomator2.common.exceptions.ElementNotFoundException: An element could not be located on the page using the given search parameters\n\tat io.appium.uiautomator2.utils.ElementLocationHelpers.findElement(ElementLocationHelpers.java:156)\n\tat io.appium.uiautomator2.handler.FindElement.safeHandle(FindElement.java:60)\n\tat io.appium.uiautomator2.handler.request.SafeRequestHandler.handle(SafeRequestHandler.java:59)\n\tat io.appium.uiautomator2.server.AppiumServlet.handleRequest(AppiumServlet.java:259)\n\tat io.appium.uiautomator2.server.AppiumServlet.handleHttpRequest(AppiumServlet.java:253)\n\tat io.appium.uiautomator2.http.ServerHandler.channelRead(ServerHandler.java:77)\n\tat io.netty.channel.AbstractChannelHandlerContext.invokeChannelRead(AbstractChannelHandlerContext.java:374)\n\tat io.netty.channel.Abstr...
&amp#27;[38;5;70m[2271e025]&amp#27;[0m&amp#27;[38;5;123m[W3C]&amp#27;[0m Matched W3C error code 'no such element' to NoSuchElementError
&amp#27;[38;5;70m[2271e025]&amp#27;[0m&amp#27;[38;5;-92m[AndroidUiautomator2Driver@a790]&amp#27;[0m Encountered internal error running command: NoSuchElementError: An element could not be located on the page using the given search parameters.
    at AndroidUiautomator2Driver.findElOrEls (/Users/herlan/.appium/node_modules/appium-uiautomator2-driver/node_modules/appium-android-driver/lib/commands/find.ts:86:11)
[...]
&amp#27;[38;5;70m[2271e025]&amp#27;[0m&amp#27;[38;5;86m[HTTP]&amp#27;[0m <-- POST /session/2271e025-bf92-4b31-9d23-e10ab0222b00/element 404 13 ms - 874 
&amp#27;[38;5;70m[2271e025]&amp#27;[0m&amp#27;[38;5;86m[HTTP]&amp#27;[0m &amp#27;[37m-->&amp#27;[39m &amp#27;[37mPOST&amp#27;[39m &amp#27;[37m/session/2271e025-bf92-4b31-9d23-e10ab0222b00/element&amp#27;[39m {"using":"accessibility id","value":"Tombol Transfer antar BCA"}
&amp#27;[38;5;70m[2271e025]&amp#27;[0m&amp#27;[38;5;-92m[AndroidUiautomator2Driver@a790]&amp#27;[0m Calling AppiumDriver.findElement() with args: ["accessibility id","Tombol Transfer antar BCA","2271e025-bf92-4b31-9d23-e10ab0222b00"]
&amp#27;[38;5;70m[2271e025]&amp#27;[0m&amp#27;[38;5;-92m[AndroidUiautomator2Driver@a790]&amp#27;[0m Valid locator strategies for this request: xpath, id, class name, accessibility id, css selector, -android uiautomator
&amp#27;[38;5;70m[2271e025]&amp#27;[0m&amp#27;[38;5;-92m[AndroidUiautomator2Driver@a790]&amp#27;[0m Waiting up to 0 ms for condition
&amp#27;[38;5;70m[2271e025]&amp#27;[0m&amp#27;[38;5;-92m[AndroidUiautomator2Driver@a790]&amp#27;[0m Matched '/element' to command name 'findElement'
&amp#27;[38;5;70m[2271e025]&amp#27;[0m&amp#27;[38;5;-92m[AndroidUiautomator2Driver@a790]&amp#27;[0m Proxying [POST /element] to [POST http://127.0.0.1:8201/session/fd241deb-4204-4d3e-a5c6-e7ced6b4bcf1/element] with body: {"strategy":"accessibility id","selector":"Tombol Transfer antar BCA","context":"","multiple":false}
&amp#27;[38;5;70m[2271e025]&amp#27;[0m&amp#27;[38;5;-92m[AndroidUiautomator2Driver@a790]&amp#27;[0m Got response with status 404: {"sessionId":"fd241deb-4204-4d3e-a5c6-e7ced6b4bcf1","value":{"error":"no such element","message":"An element could not be located on the page using the given search parameters","stacktrace":"io.appium.uiautomator2.common.exceptions.ElementNotFoundException: An element could not be located on the page using the given search parameters\n\tat io.appium.uiautomator2.handler.FindElement.safeHandle(FindElement.java:63)\n\tat io.appium.uiautomator2.handler.request.SafeRequestHandler.handle(SafeRequestHandler.java:59)\n\tat io.appium.uiautomator2.server.AppiumServlet.handleRequest(AppiumServlet.java:259)\n\tat io.appium.uiautomator2.server.AppiumServlet.handleHttpRequest(AppiumServlet.java:253)\n\tat io.appium.uiautomator2.http.ServerHandler.channelRead(ServerHandler.java:77)\n\tat io.netty.channel.AbstractChannelHandlerContext.invokeChannelRead(AbstractChannelHandlerContext.java:374)\n\tat io.netty.channel.AbstractChannelHandlerContext.invokeChannelRead(AbstractChannelHandlerContext.java:360)\n\tat io.netty.chann...
&amp#27;[38;5;70m[2271e025]&amp#27;[0m&amp#27;[38;5;123m[W3C]&amp#27;[0m Matched W3C error code 'no such element' to NoSuchElementError
&amp#27;[38;5;70m[2271e025]&amp#27;[0m&amp#27;[38;5;-92m[AndroidUiautomator2Driver@a790]&amp#27;[0m Encountered internal error running command: NoSuchElementError: An element could not be located on the page using the given search parameters.
    at AndroidUiautomator2Driver.findElOrEls (/Users/herlan/.appium/node_modules/appium-uiautomator2-driver/node_modules/appium-android-driver/lib/commands/find.ts:86:11)
    at processTicksAndRejections (node:internal/process/task_queues:105:5)
    at AndroidUiautomator2Driver.findElOrElsWithProcessing (/Users/herlan/.nvm/versions/node/v22.18.0/lib/node_modules/appium/node_modules/@appium/base-driver/lib/basedriver/commands/find.ts:60:12)
    at AndroidUiautomator2Driver.findElement (/Users/herlan/.nvm/versions/node/v22.18.0/lib/node_modules/appium/node_modules/@appium/base-driver/lib/basedriver/commands/find.ts:75:12)
&amp#27;[38;5;70m[2271e025]&amp#27;[0m&amp#27;[38;5;86m[HTTP]&amp#27;[0m <-- POST /session/2271e025-bf92-4b31-9d23-e10ab0222b00/element 404 25 ms - 874 
&amp#27;[38;5;70m[2271e025]&amp#27;[0m&amp#27;[38;5;86m[HTTP]&amp#27;[0m &amp#27;[37m-->&amp#27;[39m &amp#27;[37mPOST&amp#27;[39m &amp#27;[37m/session/2271e025-bf92-4b31-9d23-e10ab0222b00/element&amp#27;[39m {"using":"accessibility id","value":"Tombol Transfer antar BCA"}
&amp#27;[38;5;70m[2271e025]&amp#27;[0m&amp#27;[38;5;-92m[AndroidUiautomator2Driver@a790]&amp#27;[0m Calling AppiumDriver.findElement() with args: ["accessibility id","Tombol Transfer antar BCA","2271e025-bf92-4b31-9d23-e10ab0222b00"]
&amp#27;[38;5;70m[2271e025]&amp#27;[0m&amp#27;[38;5;-92m[AndroidUiautomator2Driver@a790]&amp#27;[0m Valid locator strategies for this request: xpath, id, class name, accessibility id, css selector, -android uiautomator
&amp#27;[38;5;70m[2271e025]&amp#27;[0m&amp#27;[38;5;-92m[AndroidUiautomator2Driver@a790]&amp#27;[0m Waiting up to 0 ms for condition
&amp#27;[38;5;70m[2271e025]&amp#27;[0m&amp#27;[38;5;-92m[AndroidUiautomator2Driver@a790]&amp#27;[0m Matched '/element' to command name 'findElement'
&amp#27;[38;5;70m[2271e025]&amp#27;[0m&amp#27;[38;5;-92m[AndroidUiautomator2Driver@a790]&amp#27;[0m Proxying [POST /element] to [POST http://127.0.0.1:8201/session/fd241deb-4204-4d3e-a5c6-e7ced6b4bcf1/element] with body: {"strategy":"accessibility id","selector":"Tombol Transfer antar BCA","context":"","multiple":false}
&amp#27;[38;5;70m[2271e025]&amp#27;[0m&amp#27;[38;5;-92m[AndroidUiautomator2Driver@a790]&amp#27;[0m Got response with status 404: {"sessionId":"fd241deb-4204-4d3e-a5c6-e7ced6b4bcf1","value":{"error":"no such element","message":"An element could not be located on the page using the given search parameters","stacktrace":"io.appium.uiautomator2.common.exceptions.ElementNotFoundException: An element could not be located on the page using the given search parameters\n\tat io.appium.uiautomator2.handler.FindElement.safeHandle(FindElement.java:63)\n\tat io.appium.uiautomator2.handler.request.SafeRequestHandler.handle(SafeRequestHandler.java:59)\n\tat io.appium.uiautomator2.server.AppiumServlet.handleRequest(AppiumServlet.java:259)\n\tat io.appium.uiautomator2.server.AppiumServlet.handleHttpRequest(AppiumServlet.java:253)\n\tat io.appium.uiautomator2.http.ServerHandler.channelRead(ServerHandler.java:77)\n\tat io.netty.channel.AbstractChannelHandlerContext.invokeChannelRead(AbstractChannelHandlerContext.java:374)\n\tat io.netty.channel.AbstractChannelHandlerContext.invokeChannelRead(AbstractChannelHandlerContext.java:360)\n\tat io.netty.chann...
&amp#27;[38;5;70m[2271e025]&amp#27;[0m&amp#27;[38;5;123m[W3C]&amp#27;[0m Matched W3C error code 'no such element' to NoSuchElementError
&amp#27;[38;5;70m[2271e025]&amp#27;[0m&amp#27;[38;5;-92m[AndroidUiautomator2Driver@a790]&amp#27;[0m Encountered internal error running command: NoSuchElementError: An element could not be located on the page using the given search parameters.
    at AndroidUiautomator2Driver.findElOrEls (/Users/herlan/.appium/node_modules/appium-uiautomator2-driver/node_modules/appium-android-driver/lib/commands/find.ts:86:11)
    at processTicksAndRejections (node:internal/process/task_queues:105:5)
    at AndroidUiautomator2Driver.findElOrElsWithProcessing (/Users/herlan/.nvm/versions/node/v22.18.0/lib/node_modules/appium/node_modules/@appium/base-driver/lib/basedriver/commands/find.ts:60:12)
    at AndroidUiautomator2Driver.findElement (/Users/herlan/.nvm/versions/node/v22.18.0/lib/node_modules/appium/node_modules/@appium/base-driver/lib/basedriver/commands/find.ts:75:12)
&amp#27;[38;5;70m[2271e025]&amp#27;[0m&amp#27;[38;5;86m[HTTP]&amp#27;[0m <-- POST /session/2271e025-bf92-4b31-9d23-e10ab0222b00/element 404 17 ms - 874 
&amp#27;[38;5;70m[2271e025]&amp#27;[0m&amp#27;[38;5;86m[HTTP]&amp#27;[0m &amp#27;[37m-->&amp#27;[39m &amp#27;[37mPOST&amp#27;[39m &amp#27;[37m/session/2271e025-bf92-4b31-9d23-e10ab0222b00/element&amp#27;[39m {"using":"accessibility id","value":"Tombol Transfer antar BCA"}
&amp#27;[38;5;70m[2271e025]&amp#27;[0m&amp#27;[38;5;-92m[AndroidUiautomator2Driver@a790]&amp#27;[0m Calling AppiumDriver.findElement() with args: ["accessibility id","Tombol Transfer antar BCA","2271e025-bf92-4b31-9d23-e10ab0222b00"]
&amp#27;[38;5;70m[2271e025]&amp#27;[0m&amp#27;[38;5;-92m[AndroidUiautomator2Driver@a790]&amp#27;[0m Valid locator strategies for this request: xpath, id, class name, accessibility id, css selector, -android uiautomator
&amp#27;[38;5;70m[2271e025]&amp#27;[0m&amp#27;[38;5;-92m[AndroidUiautomator2Driver@a790]&amp#27;[0m Waiting up to 0 ms for condition
&amp#27;[38;5;70m[2271e025]&amp#27;[0m&amp#27;[38;5;-92m[AndroidUiautomator2Driver@a790]&amp#27;[0m Matched '/element' to command name 'findElement'
&amp#27;[38;5;70m[2271e025]&amp#27;[0m&amp#27;[38;5;-92m[AndroidUiautomator2Driver@a790]&amp#27;[0m Proxying [POST /element] to [POST http://127.0.0.1:8201/session/fd241deb-4204-4d3e-a5c6-e7ced6b4bcf1/element] with body: {"strategy":"accessibility id","selector":"Tombol Transfer antar BCA","context":"","multiple":false}
&amp#27;[38;5;70m[2271e025]&amp#27;[0m&amp#27;[38;5;-92m[AndroidUiautomator2Driver@a790]&amp#27;[0m Got response with status 404: {"sessionId":"fd241deb-4204-4d3e-a5c6-e7ced6b4bcf1","value":{"error":"no such element","message":"An element could not be located on the page using the given search parameters","stacktrace":"io.appium.uiautomator2.common.exceptions.ElementNotFoundException: An element could not be located on the page using the given search parameters\n\tat io.appium.uiautomator2.handler.FindElement.safeHandle(FindElement.java:63)\n\tat io.appium.uiautomator2.handler.request.SafeRequestHandler.handle(SafeRequestHandler.java:59)\n\tat io.appium.uiautomator2.server.AppiumServlet.handleRequest(AppiumServlet.java:259)\n\tat io.appium.uiautomator2.server.AppiumServlet.handleHttpRequest(AppiumServlet.java:253)\n\tat io.appium.uiautomator2.http.ServerHandler.channelRead(ServerHandler.java:77)\n\tat io.netty.channel.AbstractChannelHandlerContext.invokeChannelRead(AbstractChannelHandlerContext.java:374)\n\tat io.netty.channel.AbstractChannelHandlerContext.invokeChannelRead(AbstractChannelHandlerContext.java:360)\n\tat io.netty.chann...
&amp#27;[38;5;70m[2271e025]&amp#27;[0m&amp#27;[38;5;123m[W3C]&amp#27;[0m Matched W3C error code 'no such element' to NoSuchElementError
&amp#27;[38;5;70m[2271e025]&amp#27;[0m&amp#27;[38;5;-92m[AndroidUiautomator2Driver@a790]&amp#27;[0m Encountered internal error running command: NoSuchElementError: An element could not be located on the page using the given search parameters.
    at AndroidUiautomator2Driver.findElOrEls (/Users/herlan/.appium/node_modules/appium-uiautomator2-driver/node_modules/appium-android-driver/lib/commands/find.ts:86:11)
    at processTicksAndRejections (node:internal/process/task_queues:105:5)
    at AndroidUiautomator2Driver.findElOrElsWithProcessing (/Users/herlan/.nvm/versions/node/v22.18.0/lib/node_modules/appium/node_modules/@appium/base-driver/lib/basedriver/commands/find.ts:60:12)
    at AndroidUiautomator2Driver.findElement (/Users/herlan/.nvm/versions/node/v22.18.0/lib/node_modules/appium/node_modules/@appium/base-driver/lib/basedriver/commands/find.ts:75:12)
&amp#27;[38;5;70m[2271e025]&amp#27;[0m&amp#27;[38;5;86m[HTTP]&amp#27;[0m <-- POST /session/2271e025-bf92-4b31-9d23-e10ab0222b00/element 404 28 ms - 874 
&amp#27;[38;5;70m[2271e025]&amp#27;[0m&amp#27;[38;5;86m[HTTP]&amp#27;[0m &amp#27;[37m-->&amp#27;[39m &amp#27;[37mPOST&amp#27;[39m &amp#27;[37m/session/2271e025-bf92-4b31-9d23-e10ab0222b00/element&amp#27;[39m {"using":"accessibility id","value":"Tombol Transfer antar BCA"}
&amp#27;[38;5;70m[2271e025]&amp#27;[0m&amp#27;[38;5;-92m[AndroidUiautomator2Driver@a790]&amp#27;[0m Calling AppiumDriver.findElement() with args: ["accessibility id","Tombol Transfer antar BCA","2271e025-bf92-4b31-9d23-e10ab0222b00"]
&amp#27;[38;5;70m[2271e025]&amp#27;[0m&amp#27;[38;5;-92m[AndroidUiautomator2Driver@a790]&amp#27;[0m Valid locator strategies for this request: xpath, id, class name, accessibility id, css selector, -android uiautomator
&amp#27;[38;5;70m[2271e025]&amp#27;[0m&amp#27;[38;5;-92m[AndroidUiautomator2Driver@a790]&amp#27;[0m Waiting up to 0 ms for condition
&amp#27;[38;5;70m[2271e025]&amp#27;[0m&amp#27;[38;5;-92m[AndroidUiautomator2Driver@a790]&amp#27;[0m Matched '/element' to command name 'findElement'
&amp#27;[38;5;70m[2271e025]&amp#27;[0m&amp#27;[38;5;-92m[AndroidUiautomator2Driver@a790]&amp#27;[0m Proxying [POST /element] to [POST http://127.0.0.1:8201/session/fd241deb-4204-4d3e-a5c6-e7ced6b4bcf1/element] with body: {"strategy":"accessibility id","selector":"Tombol Transfer antar BCA","context":"","multiple":false}
&amp#27;[38;5;70m[2271e025]&amp#27;[0m&amp#27;[38;5;-92m[AndroidUiautomator2Driver@a790]&amp#27;[0m Got response with status 404: {"sessionId":"fd241deb-4204-4d3e-a5c6-e7ced6b4bcf1","value":{"error":"no such element","message":"An element could not be located on the page using the given search parameters","stacktrace":"io.appium.uiautomator2.common.exceptions.ElementNotFoundException: An element could not be located on the page using the given search parameters\n\tat io.appium.uiautomator2.handler.FindElement.safeHandle(FindElement.java:63)\n\tat io.appium.uiautomator2.handler.request.SafeRequestHandler.handle(SafeRequestHandler.java:59)\n\tat io.appium.uiautomator2.server.AppiumServlet.handleRequest(AppiumServlet.java:259)\n\tat io.appium.uiautomator2.server.AppiumServlet.handleHttpRequest(AppiumServlet.java:253)\n\tat io.appium.uiautomator2.http.ServerHandler.channelRead(ServerHandler.java:77)\n\tat io.netty.channel.AbstractChannelHandlerContext.invokeChannelRead(AbstractChannelHandlerContext.java:374)\n\tat io.netty.channel.AbstractChannelHandlerContext.invokeChannelRead(AbstractChannelHandlerContext.java:360)\n\tat io.netty.chann...
&amp#27;[38;5;70m[2271e025]&amp#27;[0m&amp#27;[38;5;123m[W3C]&amp#27;[0m Matched W3C error code 'no such element' to NoSuchElementError
&amp#27;[38;5;70m[2271e025]&amp#27;[0m&amp#27;[38;5;-92m[AndroidUiautomator2Driver@a790]&amp#27;[0m Encountered internal error running command: NoSuchElementError: An element could not be located on the page using the given search parameters.
    at AndroidUiautomator2Driver.findElOrEls (/Users/herlan/.appium/node_modules/appium-uiautomator2-driver/node_modules/appium-android-driver/lib/commands/find.ts:86:11)
    at processTicksAndRejections (node:internal/process/task_queues:105:5)
    at AndroidUiautomator2Driver.findElOrElsWithProcessing (/Users/herlan/.nvm/versions/node/v22.18.0/lib/node_modules/appium/node_modules/@appium/base-driver/lib/basedriver/commands/find.ts:60:12)
    at AndroidUiautomator2Driver.findElement (/Users/herlan/.nvm/versions/node/v22.18.0/lib/node_modules/appium/node_modules/@appium/base-driver/lib/basedriver/commands/find.ts:75:12)
&amp#27;[38;5;70m[2271e025]&amp#27;[0m&amp#27;[38;5;86m[HTTP]&amp#27;[0m <-- POST /session/2271e025-bf92-4b31-9d23-e10ab0222b00/element 404 26 ms - 874 
  &amp#27;[31mGiven &amp#27;[0m&amp#27;[31mUser is on the Transfer Antar BCA screen&amp#27;[0m       &amp#27;[90m# AutomationMobileBrainboost.StepDefinitions.HomeSteps.userIsOnTheTransferAntarBCAScreen()&amp#27;[0m
      &amp#27;[31morg.openqa.selenium.TimeoutException: Expected condition failed: waiting for visibility of element located by AppiumBy.accessibilityId: Tombol Transfer antar BCA (tried for 15 second(s) with 500 milliseconds interval)
Build info: version: '4.36.0', revision: '6d115cfd87'
System info: os.name: 'Mac OS X', os.arch: 'aarch64', os.version: '12.7.4', java.version: '23-valhalla'
Driver info: io.appium.java_client.android.AndroidDriver
Capabilities {appium:app: /Users/herlan/Downloads/3.0..., appium:appActivity: com.brainboost.android.Main..., appium:appPackage: com.brainboost.android, appium:automationName: UiAutomator2, appium:databaseEnabled: false, appium:desired: {app: /Users/herlan/Downloads/3.0..., appActivity: com.brainboost.android.Main..., appPackage: com.brainboost.android, automationName: UiAutomator2, deviceName: emulator-5554, platformName: ANDROID, platformVersion: 15.0}, appium:deviceApiLevel: 35, appium:deviceManufacturer: Google, appium:deviceModel: Pixel Tablet, appium:deviceName: emulator-5554, appium:deviceScreenDensity: 440, appium:deviceScreenSize: 1080x2280, appium:deviceUDID: emulator-5554, appium:javascriptEnabled: true, appium:locationContextEnabled: false, appium:networkConnectionEnabled: true, appium:pixelRatio: 2.75, appium:platformVersion: 15, appium:statBarHeight: 83, appium:takesScreenshot: true, appium:viewportRect: {height: 2197, left: 0, top: 83, width: 1080}, appium:warnings: {}, appium:webStorageEnabled: false, platformName: ANDROID}
Session ID: 2271e025-bf92-4b31-9d23-e10ab0222b00
	at org.openqa.selenium.support.ui.WebDriverWait.timeoutException(WebDriverWait.java:84)
	at org.openqa.selenium.support.ui.FluentWait.until(FluentWait.java:228)
	at AutomationMobileBrainboost.page.HomePage.clickTransferButton(HomePage.java:90)
	at AutomationMobileBrainboost.StepDefinitions.HomeSteps.userIsOnTheTransferAntarBCAScreen(HomeSteps.java:43)
	at ✽.User is on the Transfer Antar BCA screen(file:///Users/herlan/Documents/AUTOMATION%20/qa_automation_mobile/src/test/resources/features/transfer.feature:3)
&amp#27;[0m
  &amp#27;[36mWhen &amp#27;[0m&amp#27;[36mUser fills the form with the following details:&amp#27;[0m &amp#27;[90m# AutomationMobileBrainboost.StepDefinitions.HomeSteps.userFillsTheFormWithTheFollowingDetails(io.cucumber.datatable.DataTable)&amp#27;[0m
    | Field                 | Value             |
    | Nomor Rekening Tujuan | 1234567890        |
    | Nominal Transfer      | 1000000           |
    | Catatan               | Pembayaran hutang |
  &amp#27;[36mAnd &amp#27;[0m&amp#27;[36mUser clicks on Lanjutkan&amp#27;[0m                         &amp#27;[90m# AutomationMobileBrainboost.StepDefinitions.HomeSteps.userClicksOnLanjutkan()&amp#27;[0m
  &amp#27;[36mThen &amp#27;[0m&amp#27;[36mUser should see the confirmation screen&amp#27;[0m         &amp#27;[90m# AutomationMobileBrainboost.StepDefinitions.HomeSteps.userShouldSeeTheConfirmationScreen()&amp#27;[0m
&amp#27;[38;5;70m[2271e025]&amp#27;[0m&amp#27;[38;5;86m[HTTP]&amp#27;[0m &amp#27;[37m-->&amp#27;[39m &amp#27;[37mPOST&amp#27;[39m &amp#27;[37m/session/2271e025-bf92-4b31-9d23-e10ab0222b00/execute/sync&amp#27;[39m {"script":"mobile: activateApp","args":[{"appId":"com.brainboost.android","bundleId":"com.brainboost.android"}]}
&amp#27;[38;5;70m[2271e025]&amp#27;[0m&amp#27;[38;5;-92m[AndroidUiautomator2Driver@a790]&amp#27;[0m Calling AppiumDriver.execute() with args: ["mobile: activateApp",[{"appId":"com.brainboost.android","bundleId":"com.brainboost.android"}],"2271e025-bf92-4b31-9d23-e10ab0222b00"]
&amp#27;[38;5;70m[2271e025]&amp#27;[0m&amp#27;[38;5;123m[BaseDriver]&amp#27;[0m The following arguments are not known and will be ignored: bundleId
&amp#27;[38;5;70m[2271e025]&amp#27;[0m&amp#27;[38;5;229m[ADB]&amp#27;[0m Activating 'com.brainboost.android'
&amp#27;[38;5;70m[2271e025]&amp#27;[0m&amp#27;[38;5;229m[ADB]&amp#27;[0m Running '/Users/herlan/Library/Android/sdk/platform-tools/adb -P 5037 -s emulator-5554 shell cmd package resolve-activity --brief com.brainboost.android'
&amp#27;[38;5;70m[2271e025]&amp#27;[0m&amp#27;[38;5;229m[ADB]&amp#27;[0m Running '/Users/herlan/Library/Android/sdk/platform-tools/adb -P 5037 -s emulator-5554 shell am start-activity -a android.intent.action.MAIN -c android.intent.category.LAUNCHER -f 0x10200000 -n com.brainboost.android/.MainActivity'
&amp#27;[38;5;70m[2271e025]&amp#27;[0m&amp#27;[38;5;229m[ADB]&amp#27;[0m Starting: Intent { act=android.intent.action.MAIN cat=[android.intent.category.LAUNCHER] flg=0x10200000 cmp=com.brainboost.android/.MainActivity }
&amp#27;[38;5;70m[2271e025]&amp#27;[0m&amp#27;[38;5;-92m[AndroidUiautomator2Driver@a790]&amp#27;[0m Responding to client with driver.execute() result: null
&amp#27;[38;5;70m[2271e025]&amp#27;[0m&amp#27;[38;5;86m[HTTP]&amp#27;[0m <-- POST /session/2271e025-bf92-4b31-9d23-e10ab0222b00/execute/sync 200 127 ms - 14 
]]></system-out>
  </testcase>
</testsuite>